Using pre-set license
Built from '2020.3/staging' branch; Version is '2020.3.18f1 (a7d1c678663c) revision 10998214'; Using compiler version '192528614'; Build Type 'Release'
OS: 'Windows 10 Pro; OS build 19044.1706; Version 2009; 64bit' Language: 'en' Physical Memory: 16333 MB
BatchMode: 1, IsHumanControllingUs: 0, StartBugReporterOnCrash: 0, Is64bit: 1, IsPro: 0

COMMAND LINE ARGUMENTS:
C:\Program Files\Unity\Hub\Editor\2020.3.18f1\Editor\Unity.exe
-adb2
-batchMode
-noUpm
-name
AssetImportWorker2
-projectPath
D:/UnityLibary/Repos/Official_SynthViking2/SynthViking
-logFile
Logs/AssetImportWorker2.log
-srvPort
56948
Successfully changed project path to: D:/UnityLibary/Repos/Official_SynthViking2/SynthViking
D:/UnityLibary/Repos/Official_SynthViking2/SynthViking
Using Asset Import Pipeline V2.
Default GameObject BitMask: UI already registered
Refreshing native plugins compatible for Editor in 155.43 ms, found 3 plugins.
Preloading 0 native plugins for Editor in 0.00 ms.
Initialize engine version: 2020.3.18f1 (a7d1c678663c)
[Subsystems] Discovering subsystems at path C:/Program Files/Unity/Hub/Editor/2020.3.18f1/Editor/Data/Resources/UnitySubsystems
[Subsystems] Discovering subsystems at path D:/UnityLibary/Repos/Official_SynthViking2/SynthViking/Assets
GfxDevice: creating device client; threaded=0
Direct3D:
    Version:  Direct3D 11.0 [level 11.1]
    Renderer: NVIDIA GeForce RTX 2060 SUPER (ID=0x1f06)
    Vendor:   
    VRAM:     8031 MB
    Driver:   30.0.15.1165
Shader 'MoreMountains/MMRipple': fallback shader 'Particle/AlphaBlended' not found
Initialize mono
Mono path[0] = 'C:/Program Files/Unity/Hub/Editor/2020.3.18f1/Editor/Data/Managed'
Mono path[1] = 'C:/Program Files/Unity/Hub/Editor/2020.3.18f1/Editor/Data/MonoBleedingEdge/lib/mono/unityjit'
Mono config path = 'C:/Program Files/Unity/Hub/Editor/2020.3.18f1/Editor/Data/MonoBleedingEdge/etc'
Using monoOptions --debugger-agent=transport=dt_socket,embedding=1,server=y,suspend=n,address=127.0.0.1:56016
Begin MonoManager ReloadAssembly
Registering precompiled unity dll's ...
Register platform support module: C:/Program Files/Unity/Hub/Editor/2020.3.18f1/Editor/Data/PlaybackEngines/MacStandaloneSupport/UnityEditor.OSXStandalone.Extensions.dll
Register platform support module: C:/Program Files/Unity/Hub/Editor/2020.3.18f1/Editor/Data/PlaybackEngines/WindowsStandaloneSupport/UnityEditor.WindowsStandalone.Extensions.dll
Registered in 0.002878 seconds.
Native extension for WindowsStandalone target not found
Native extension for OSXStandalone target not found
Refreshing native plugins compatible for Editor in 144.77 ms, found 3 plugins.
Preloading 0 native plugins for Editor in 0.00 ms.
Mono: successfully reloaded assembly
- Completed reload, in  1.138 seconds
Domain Reload Profiling:
	ReloadAssembly (1139ms)
		BeginReloadAssembly (51ms)
			ExecutionOrderSort (0ms)
			DisableScriptedObjects (0ms)
			BackupInstance (0ms)
			ReleaseScriptingObjects (0ms)
			CreateAndSetChildDomain (1ms)
		EndReloadAssembly (479ms)
			LoadAssemblies (49ms)
			RebuildTransferFunctionScriptingTraits (0ms)
			SetupTypeCache (130ms)
			ReleaseScriptCaches (0ms)
			RebuildScriptCaches (26ms)
			SetupLoadedEditorAssemblies (254ms)
				LogAssemblyErrors (0ms)
				InitializePlatformSupportModulesInManaged (4ms)
				SetLoadedEditorAssemblies (0ms)
				RefreshPlugins (145ms)
				BeforeProcessingInitializeOnLoad (15ms)
				ProcessInitializeOnLoadAttributes (65ms)
				ProcessInitializeOnLoadMethodAttributes (24ms)
				AfterProcessingInitializeOnLoad (0ms)
				EditorAssembliesLoaded (0ms)
			ExecutionOrderSort2 (0ms)
			AwakeInstancesAfterBackupRestoration (0ms)
Platform modules already initialized, skipping
Registering precompiled user dll's ...
Registered in 0.008750 seconds.
Begin MonoManager ReloadAssembly
Native extension for WindowsStandalone target not found
Native extension for OSXStandalone target not found
Refreshing native plugins compatible for Editor in 196.67 ms, found 3 plugins.
Preloading 0 native plugins for Editor in 0.00 ms.
Mono: successfully reloaded assembly
- Completed reload, in  2.951 seconds
Domain Reload Profiling:
	ReloadAssembly (2952ms)
		BeginReloadAssembly (131ms)
			ExecutionOrderSort (0ms)
			DisableScriptedObjects (4ms)
			BackupInstance (0ms)
			ReleaseScriptingObjects (0ms)
			CreateAndSetChildDomain (16ms)
		EndReloadAssembly (2762ms)
			LoadAssemblies (1697ms)
			RebuildTransferFunctionScriptingTraits (0ms)
			SetupTypeCache (327ms)
			ReleaseScriptCaches (1ms)
			RebuildScriptCaches (68ms)
			SetupLoadedEditorAssemblies (552ms)
				LogAssemblyErrors (0ms)
				InitializePlatformSupportModulesInManaged (4ms)
				SetLoadedEditorAssemblies (0ms)
				RefreshPlugins (197ms)
				BeforeProcessingInitializeOnLoad (102ms)
				ProcessInitializeOnLoadAttributes (229ms)
				ProcessInitializeOnLoadMethodAttributes (8ms)
				AfterProcessingInitializeOnLoad (12ms)
				EditorAssembliesLoaded (0ms)
			ExecutionOrderSort2 (0ms)
			AwakeInstancesAfterBackupRestoration (7ms)
Platform modules already initialized, skipping
========================================================================
Worker process is ready to serve import requests
Default GameObject BitMask: UI already registered
Shader 'MoreMountains/MMRipple': fallback shader 'Particle/AlphaBlended' not found
Launched and connected shader compiler UnityShaderCompiler.exe after 0.07 seconds
Refreshing native plugins compatible for Editor in 1.56 ms, found 3 plugins.
Preloading 0 native plugins for Editor in 0.00 ms.
Unloading 4432 Unused Serialized files (Serialized files now loaded: 0)
System memory in use before: 0.56 GB.
System memory in use after: 0.56 GB.

Unloading 40 unused Assets to reduce memory usage. Loaded Objects now: 4883.
Total: 4.502200 ms (FindLiveObjects: 0.391200 ms CreateObjectMapping: 0.112000 ms MarkObjects: 3.746200 ms  DeleteObjects: 0.250800 ms)

AssetImportParameters requested are different than current active one (requested -> active):
  custom:framework-win-MediaFoundation: 216162199b28c13a410421893ffa2e32 -> 
  custom:video-decoder-ogg-theora: a1e56fd34408186e4bbccfd4996cb3dc -> 
  custom:container-muxer-webm: aa71ff27fc2769a1b78a27578f13a17b -> 
  custom:container-demuxer-webm: 4f35f7cbe854078d1ac9338744f61a02 -> 
  custom:container-demuxer-ogg: 62fdf1f143b41e24485cea50d1cbac27 -> 
  custom:video-encoder-webm-vp8: eb34c28f22e8b96e1ab97ce403110664 -> 
  custom:video-decoder-webm-vp8: 9c59270c3fd7afecdb556c50c9e8de78 -> 
  custom:audio-decoder-ogg-vorbis: bf7c407c2cedff20999df2af8eb42d56 -> 
  custom:audio-encoder-webm-vorbis: bf7c407c2cedff20999df2af8eb42d56 -> 
========================================================================
Received Import Request.
  path: Assets/Animations/Clips/CLazyRunnerActionAnimPack/Animations/P5_CLazyCollision/Dam_Flying_Die
  artifactKey: Guid(b392495fcb3ddc04d9e835c4818a5763) Importer(815301076,1909f56bfc062723c751e8b465ee728b)
Start importing Assets/Animations/Clips/CLazyRunnerActionAnimPack/Animations/P5_CLazyCollision/Dam_Flying_Die using Guid(b392495fcb3ddc04d9e835c4818a5763) Importer(815301076,1909f56bfc062723c751e8b465ee728b)  -> (artifact id: '91fb4db57c9f8c40821ef0855fd83fb0') in 0.009629 seconds 
  Import took 0.057808 seconds .

========================================================================
Received Import Request.
  Time since last request: 0.000173 seconds.
  path: Assets/Animations/Clips/CLazyRunnerActionAnimPack/Animations/P6_CLazyWallRun/WallRun_Vertical/CLazy@Wall_Vertical_Exit.FBX
  artifactKey: Guid(aeced468ef97984448e12ebbb7b30d4d) Importer(815301076,1909f56bfc062723c751e8b465ee728b)
Start importing Assets/Animations/Clips/CLazyRunnerActionAnimPack/Animations/P6_CLazyWallRun/WallRun_Vertical/CLazy@Wall_Vertical_Exit.FBX using Guid(aeced468ef97984448e12ebbb7b30d4d) Importer(815301076,1909f56bfc062723c751e8b465ee728b)  -> (artifact id: 'dcea8146972082298effdfdb13c3d082') in 0.428438 seconds 
  Import took 0.504756 seconds .

========================================================================
Received Import Request.
  Time since last request: 0.000246 seconds.
  path: Assets/Animations/Clips/CLazyRunnerActionAnimPack/Animations/P6_CLazyWallRun/WallRun_Vertical/CLazy@Wall_Vertical_Exit_Stop.FBX
  artifactKey: Guid(677489acd41acee4d9e88b4d812dda10) Importer(815301076,1909f56bfc062723c751e8b465ee728b)
Start importing Assets/Animations/Clips/CLazyRunnerActionAnimPack/Animations/P6_CLazyWallRun/WallRun_Vertical/CLazy@Wall_Vertical_Exit_Stop.FBX using Guid(677489acd41acee4d9e88b4d812dda10) Importer(815301076,1909f56bfc062723c751e8b465ee728b)  -> (artifact id: 'e251cee95191835d859ed2e5806fad46') in 0.102712 seconds 
  Import took 0.370569 seconds .

========================================================================
Received Import Request.
  Time since last request: 0.000180 seconds.
  path: Assets/Animations/Clips/CLazyRunnerActionAnimPack/Animations/P6_CLazyWallRun/WallRun_Vertical/CLazy@Wall_Vertical_Boost.FBX
  artifactKey: Guid(df6c90cacf6a40644addc8f2dc72ebd7) Importer(815301076,1909f56bfc062723c751e8b465ee728b)
Start importing Assets/Animations/Clips/CLazyRunnerActionAnimPack/Animations/P6_CLazyWallRun/WallRun_Vertical/CLazy@Wall_Vertical_Boost.FBX using Guid(df6c90cacf6a40644addc8f2dc72ebd7) Importer(815301076,1909f56bfc062723c751e8b465ee728b)  -> (artifact id: '0fc0170eafc84c94d95236e486691544') in 0.047595 seconds 
  Import took 0.087421 seconds .

========================================================================
Received Import Request.
  Time since last request: 0.000217 seconds.
  path: Assets/Animations/Clips/CLazyRunnerActionAnimPack/Animations/P6_CLazyWallRun/WallRun_Vertical
  artifactKey: Guid(3c88486255ddf314fb03b00223ef35be) Importer(815301076,1909f56bfc062723c751e8b465ee728b)
Start importing Assets/Animations/Clips/CLazyRunnerActionAnimPack/Animations/P6_CLazyWallRun/WallRun_Vertical using Guid(3c88486255ddf314fb03b00223ef35be) Importer(815301076,1909f56bfc062723c751e8b465ee728b)  -> (artifact id: '9739be677a49ccd71ef009e4dc9494e4') in 0.019953 seconds 
  Import took 0.062477 seconds .

========================================================================
Received Import Request.
  Time since last request: 0.000248 seconds.
  path: Assets/Animations/Clips/CLazyRunnerActionAnimPack/Animations/P5_CLazyCollision/Dam_Sliding_Die
  artifactKey: Guid(797b7475f9f32cd448af3538eea22972) Importer(815301076,1909f56bfc062723c751e8b465ee728b)
Start importing Assets/Animations/Clips/CLazyRunnerActionAnimPack/Animations/P5_CLazyCollision/Dam_Sliding_Die using Guid(797b7475f9f32cd448af3538eea22972) Importer(815301076,1909f56bfc062723c751e8b465ee728b)  -> (artifact id: 'd8910c8f322ec738b25d96b59158f9a7') in 0.022320 seconds 
  Import took 0.087411 seconds .

========================================================================
Received Import Request.
  Time since last request: 0.000198 seconds.
  path: Assets/Animations/Clips/CLazyRunnerActionAnimPack/Animations/P6_CLazyWallRun/WallRun_Vertical/CLazy@Wall_Vertical_Boost_Loop_Root.FBX
  artifactKey: Guid(ec15966cebbc2284bb67b158480bbb3a) Importer(815301076,1909f56bfc062723c751e8b465ee728b)
Start importing Assets/Animations/Clips/CLazyRunnerActionAnimPack/Animations/P6_CLazyWallRun/WallRun_Vertical/CLazy@Wall_Vertical_Boost_Loop_Root.FBX using Guid(ec15966cebbc2284bb67b158480bbb3a) Importer(815301076,1909f56bfc062723c751e8b465ee728b)  -> (artifact id: '9ea22e4e76de1a6aa785c48e65932f52') in 0.142671 seconds 
  Import took 0.204016 seconds .

========================================================================
Received Import Request.
  Time since last request: 0.000179 seconds.
  path: Assets/Animations/Clips/CLazyRunnerActionAnimPack/Animations/P6_CLazyWallRun/WallRun_Vertical/CLazy@Wall_Vertical_Enter_Root.FBX
  artifactKey: Guid(62fd2e6cd7921f647bb3081ef100762f) Importer(815301076,1909f56bfc062723c751e8b465ee728b)
Start importing Assets/Animations/Clips/CLazyRunnerActionAnimPack/Animations/P6_CLazyWallRun/WallRun_Vertical/CLazy@Wall_Vertical_Enter_Root.FBX using Guid(62fd2e6cd7921f647bb3081ef100762f) Importer(815301076,1909f56bfc062723c751e8b465ee728b)  -> (artifact id: 'f8ddf9beddcbccc31743329c1af1d285') in 0.088018 seconds 
  Import took 0.165944 seconds .

========================================================================
Received Import Request.
  Time since last request: 0.000194 seconds.
  path: Assets/Animations/Clips/CLazyRunnerActionAnimPack/Animations/P6_CLazyWallRun/WallRun_Vertical/CLazy@Wall_Vertical_Enter.FBX
  artifactKey: Guid(94f7e2a3f4b26b44b9fe89c4032e5164) Importer(815301076,1909f56bfc062723c751e8b465ee728b)
Start importing Assets/Animations/Clips/CLazyRunnerActionAnimPack/Animations/P6_CLazyWallRun/WallRun_Vertical/CLazy@Wall_Vertical_Enter.FBX using Guid(94f7e2a3f4b26b44b9fe89c4032e5164) Importer(815301076,1909f56bfc062723c751e8b465ee728b)  -> (artifact id: '1636079fad5fe294c2d1f8cbdc0c2b01') in 0.074799 seconds 
  Import took 0.115264 seconds .

========================================================================
Received Import Request.
  Time since last request: 0.000194 seconds.
  path: Assets/Animations/Clips/CLazyRunnerActionAnimPack/Animations/P6_CLazyWallRun/WallRun_Low_Dash/CLazy@Wall_RJump_Start.FBX
  artifactKey: Guid(58f2b14cb423fa749960f37943b990ac) Importer(815301076,1909f56bfc062723c751e8b465ee728b)
Start importing Assets/Animations/Clips/CLazyRunnerActionAnimPack/Animations/P6_CLazyWallRun/WallRun_Low_Dash/CLazy@Wall_RJump_Start.FBX using Guid(58f2b14cb423fa749960f37943b990ac) Importer(815301076,1909f56bfc062723c751e8b465ee728b)  -> (artifact id: 'a1ef03488adac940537d322d8dd74380') in 0.052297 seconds 
  Import took 0.082058 seconds .

========================================================================
Received Import Request.
  Time since last request: 0.000175 seconds.
  path: Assets/Animations/Clips/CLazyRunnerActionAnimPack/Animations/P6_CLazyWallRun/WallRun_Vertical/CLazy@Wall_Vertical_Boost_Loop.FBX
  artifactKey: Guid(34c442cf0c1912944871031e65690a70) Importer(815301076,1909f56bfc062723c751e8b465ee728b)
Start importing Assets/Animations/Clips/CLazyRunnerActionAnimPack/Animations/P6_CLazyWallRun/WallRun_Vertical/CLazy@Wall_Vertical_Boost_Loop.FBX using Guid(34c442cf0c1912944871031e65690a70) Importer(815301076,1909f56bfc062723c751e8b465ee728b)  -> (artifact id: 'be3e7ad45df56c663d606b611e031bb4') in 0.086064 seconds 
  Import took 0.138221 seconds .

========================================================================
Received Import Request.
  Time since last request: 0.000191 seconds.
  path: Assets/Animations/Clips/CLazyRunnerActionAnimPack/Animations/P6_CLazyWallRun/WallRun_Vertical/CLazy@Wall_Vertical_Exit_Root.FBX
  artifactKey: Guid(348f6458d97c7364d9322eb9ca45ee68) Importer(815301076,1909f56bfc062723c751e8b465ee728b)
Start importing Assets/Animations/Clips/CLazyRunnerActionAnimPack/Animations/P6_CLazyWallRun/WallRun_Vertical/CLazy@Wall_Vertical_Exit_Root.FBX using Guid(348f6458d97c7364d9322eb9ca45ee68) Importer(815301076,1909f56bfc062723c751e8b465ee728b)  -> (artifact id: '58c18bc86a20860cbefccaa54c0dc585') in 0.025452 seconds 
  Import took 0.064928 seconds .

========================================================================
Received Import Request.
  Time since last request: 0.000173 seconds.
  path: Assets/Animations/Clips/CLazyRunnerActionAnimPack/Animations/P6_CLazyWallRun/WallRun_Vertical/CLazy@Wall_Vertical_Exit_Stop_Root.FBX
  artifactKey: Guid(e05cd2f1dc18e794f8d1776beeedb28c) Importer(815301076,1909f56bfc062723c751e8b465ee728b)
Start importing Assets/Animations/Clips/CLazyRunnerActionAnimPack/Animations/P6_CLazyWallRun/WallRun_Vertical/CLazy@Wall_Vertical_Exit_Stop_Root.FBX using Guid(e05cd2f1dc18e794f8d1776beeedb28c) Importer(815301076,1909f56bfc062723c751e8b465ee728b)  -> (artifact id: 'ac7ba3652f21fbcb84cffddde1d3f4d2') in 0.069789 seconds 
  Import took 0.098891 seconds .

========================================================================
Received Import Request.
  Time since last request: 0.000174 seconds.
  path: Assets/Animations/Clips/CLazyRunnerActionAnimPack/Animations/P5_CLazyCollision/Dam_Stand_Up
  artifactKey: Guid(069e9814635560443b5e0ba75b6d681f) Importer(815301076,1909f56bfc062723c751e8b465ee728b)
Start importing Assets/Animations/Clips/CLazyRunnerActionAnimPack/Animations/P5_CLazyCollision/Dam_Stand_Up using Guid(069e9814635560443b5e0ba75b6d681f) Importer(815301076,1909f56bfc062723c751e8b465ee728b)  -> (artifact id: '7c865439123918b9ba9bae6df348d1f6') in 0.005148 seconds 
  Import took 0.029989 seconds .

========================================================================
Received Import Request.
  Time since last request: 0.000176 seconds.
  path: Assets/Animations/Clips/CLazyRunnerActionAnimPack/Animations/P5_CLazyCollision/Dam_Jumping_Die
  artifactKey: Guid(2ec974868c70ff942a742aa71249d7b2) Importer(815301076,1909f56bfc062723c751e8b465ee728b)
Start importing Assets/Animations/Clips/CLazyRunnerActionAnimPack/Animations/P5_CLazyCollision/Dam_Jumping_Die using Guid(2ec974868c70ff942a742aa71249d7b2) Importer(815301076,1909f56bfc062723c751e8b465ee728b)  -> (artifact id: '25532c9d6ce813c33688f8e8a1bbd495') in 0.016341 seconds 
  Import took 0.059462 seconds .

========================================================================
Received Import Request.
  Time since last request: 0.000172 seconds.
  path: Assets/Animations/Clips/CLazyRunnerActionAnimPack/Animations/P5_CLazyCollision/Dam_Running_Die
  artifactKey: Guid(92cb3a005a46ea44f9328d2763230aa4) Importer(815301076,1909f56bfc062723c751e8b465ee728b)
Start importing Assets/Animations/Clips/CLazyRunnerActionAnimPack/Animations/P5_CLazyCollision/Dam_Running_Die using Guid(92cb3a005a46ea44f9328d2763230aa4) Importer(815301076,1909f56bfc062723c751e8b465ee728b)  -> (artifact id: '4ecbf49703caa89d85097773ad9ac085') in 0.005801 seconds 
  Import took 0.058269 seconds .

========================================================================
Received Import Request.
  Time since last request: 0.000168 seconds.
  path: Assets/Animations/Clips/CLazyRunnerActionAnimPack/Animations/P6_CLazyWallRun/WallRun_Vertical/CLazy@Wall_Vertical_Boost_Root.FBX
  artifactKey: Guid(c4b958fbb5449674cb43b0540c733cf1) Importer(815301076,1909f56bfc062723c751e8b465ee728b)
Start importing Assets/Animations/Clips/CLazyRunnerActionAnimPack/Animations/P6_CLazyWallRun/WallRun_Vertical/CLazy@Wall_Vertical_Boost_Root.FBX using Guid(c4b958fbb5449674cb43b0540c733cf1) Importer(815301076,1909f56bfc062723c751e8b465ee728b)  -> (artifact id: 'c3915fe399632531bd8e9ca117a1d731') in 0.055077 seconds 
  Import took 0.110081 seconds .

========================================================================
Received Import Request.
  Time since last request: 0.000194 seconds.
  path: Assets/Animations/Clips/CLazyRunnerActionAnimPack/Animations/P6_CLazyWallRun/WallRun_Low_Dash/CLazy@Wall_LJump_Start.FBX
  artifactKey: Guid(5a93710fc7b7f2a4aae1636bd12d917b) Importer(815301076,1909f56bfc062723c751e8b465ee728b)
Start importing Assets/Animations/Clips/CLazyRunnerActionAnimPack/Animations/P6_CLazyWallRun/WallRun_Low_Dash/CLazy@Wall_LJump_Start.FBX using Guid(5a93710fc7b7f2a4aae1636bd12d917b) Importer(815301076,1909f56bfc062723c751e8b465ee728b)  -> (artifact id: 'a7262db3cc250aefb5cfa512406d906b') in 0.171859 seconds 
  Import took 0.195790 seconds .

========================================================================
Received Import Request.
  Time since last request: 0.000208 seconds.
  path: Assets/Animations/Clips/CLazyRunnerActionAnimPack/Animations/P5_CLazyCollision/Dam_Leap_Over_Die
  artifactKey: Guid(3f66e20791718564c80ba35eb239df3c) Importer(815301076,1909f56bfc062723c751e8b465ee728b)
Start importing Assets/Animations/Clips/CLazyRunnerActionAnimPack/Animations/P5_CLazyCollision/Dam_Leap_Over_Die using Guid(3f66e20791718564c80ba35eb239df3c) Importer(815301076,1909f56bfc062723c751e8b465ee728b)  -> (artifact id: '25235f50ad2b9a382268fbd177e8c875') in 0.005011 seconds 
  Import took 0.023801 seconds .

========================================================================
Received Import Request.
  Time since last request: 0.000164 seconds.
  path: Assets/Animations/Clips/CLazyRunnerActionAnimPack/Animations/P6_CLazyWallRun/WallRun_Low_Dash
  artifactKey: Guid(97b67409e03828f4fbe130e2e7e9df51) Importer(815301076,1909f56bfc062723c751e8b465ee728b)
Start importing Assets/Animations/Clips/CLazyRunnerActionAnimPack/Animations/P6_CLazyWallRun/WallRun_Low_Dash using Guid(97b67409e03828f4fbe130e2e7e9df51) Importer(815301076,1909f56bfc062723c751e8b465ee728b)  -> (artifact id: '213cc1beb9908394d2e79bcb52c0e2c4') in 0.019069 seconds 
  Import took 0.056647 seconds .

========================================================================
Received Import Request.
  Time since last request: 24.165371 seconds.
  path: Assets/Animations/Clips/CLazyRunnerActionAnimPack/Animations/P3_CLazyJump/Jmp_Turn_Air
  artifactKey: Guid(2355a00a284a77f43a0c835addfd4a4f) Importer(815301076,1909f56bfc062723c751e8b465ee728b)
Start importing Assets/Animations/Clips/CLazyRunnerActionAnimPack/Animations/P3_CLazyJump/Jmp_Turn_Air using Guid(2355a00a284a77f43a0c835addfd4a4f) Importer(815301076,1909f56bfc062723c751e8b465ee728b)  -> (artifact id: '1a44c4c9860f5931fbdbbcf6b7bd474d') in 0.014461 seconds 
  Import took 0.036956 seconds .

========================================================================
Received Import Request.
  Time since last request: 0.652530 seconds.
  path: Assets/Animations/Clips/CLazyRunnerActionAnimPack/Animations/P3_CLazyJump/Jmp_Side_Air
  artifactKey: Guid(d0d509bae0ca45d4ca40ff4b372498a9) Importer(815301076,1909f56bfc062723c751e8b465ee728b)
Start importing Assets/Animations/Clips/CLazyRunnerActionAnimPack/Animations/P3_CLazyJump/Jmp_Side_Air using Guid(d0d509bae0ca45d4ca40ff4b372498a9) Importer(815301076,1909f56bfc062723c751e8b465ee728b)  -> (artifact id: 'b78d2f58c50ee45749b7b1d35ed840c4') in 0.031071 seconds 
  Import took 0.070042 seconds .

