Using pre-set license
Built from '2020.3/staging' branch; Version is '2020.3.18f1 (a7d1c678663c) revision 10998214'; Using compiler version '192528614'; Build Type 'Release'
OS: 'Windows 10 Enterprise; OS build 19042.508; Version 2009; 64bit' Language: 'en' Physical Memory: 65438 MB
BatchMode: 1, IsHumanControllingUs: 0, StartBugReporterOnCrash: 0, Is64bit: 1, IsPro: 0

COMMAND LINE ARGUMENTS:
C:\Program Files\Unity\Hub\Editor\2020.3.18f1\Editor\Unity.exe
-adb2
-batchMode
-noUpm
-name
AssetImportWorker3
-projectPath
C:/Users/Student/Desktop/Official_SynthViking2/SynthViking
-logFile
Logs/AssetImportWorker3.log
-srvPort
59289
Successfully changed project path to: C:/Users/Student/Desktop/Official_SynthViking2/SynthViking
C:/Users/Student/Desktop/Official_SynthViking2/SynthViking
Using Asset Import Pipeline V2.
Default GameObject BitMask: UI already registered
Refreshing native plugins compatible for Editor in 191.32 ms, found 3 plugins.
Preloading 0 native plugins for Editor in 0.00 ms.
Initialize engine version: 2020.3.18f1 (a7d1c678663c)
[Subsystems] Discovering subsystems at path C:/Program Files/Unity/Hub/Editor/2020.3.18f1/Editor/Data/Resources/UnitySubsystems
[Subsystems] Discovering subsystems at path C:/Users/Student/Desktop/Official_SynthViking2/SynthViking/Assets
GfxDevice: creating device client; threaded=0
Direct3D:
    Version:  Direct3D 11.0 [level 11.1]
    Renderer: NVIDIA GeForce RTX 3080 (ID=0x2206)
    Vendor:   
    VRAM:     10078 MB
    Driver:   27.21.14.5671
Shader 'MoreMountains/MMRipple': fallback shader 'Particle/AlphaBlended' not found
Initialize mono
Mono path[0] = 'C:/Program Files/Unity/Hub/Editor/2020.3.18f1/Editor/Data/Managed'
Mono path[1] = 'C:/Program Files/Unity/Hub/Editor/2020.3.18f1/Editor/Data/MonoBleedingEdge/lib/mono/unityjit'
Mono config path = 'C:/Program Files/Unity/Hub/Editor/2020.3.18f1/Editor/Data/MonoBleedingEdge/etc'
Using monoOptions --debugger-agent=transport=dt_socket,embedding=1,server=y,suspend=n,address=127.0.0.1:56788
Begin MonoManager ReloadAssembly
Registering precompiled unity dll's ...
Register platform support module: C:/Program Files/Unity/Hub/Editor/2020.3.18f1/Editor/Data/PlaybackEngines/WindowsStandaloneSupport/UnityEditor.WindowsStandalone.Extensions.dll
Registered in 0.001558 seconds.
Native extension for WindowsStandalone target not found
Refreshing native plugins compatible for Editor in 190.98 ms, found 3 plugins.
Preloading 0 native plugins for Editor in 0.00 ms.
Mono: successfully reloaded assembly
- Completed reload, in  1.153 seconds
Domain Reload Profiling:
	ReloadAssembly (1153ms)
		BeginReloadAssembly (47ms)
			ExecutionOrderSort (0ms)
			DisableScriptedObjects (0ms)
			BackupInstance (0ms)
			ReleaseScriptingObjects (0ms)
			CreateAndSetChildDomain (1ms)
		EndReloadAssembly (558ms)
			LoadAssemblies (45ms)
			RebuildTransferFunctionScriptingTraits (0ms)
			SetupTypeCache (148ms)
			ReleaseScriptCaches (0ms)
			RebuildScriptCaches (30ms)
			SetupLoadedEditorAssemblies (313ms)
				LogAssemblyErrors (0ms)
				InitializePlatformSupportModulesInManaged (3ms)
				SetLoadedEditorAssemblies (0ms)
				RefreshPlugins (191ms)
				BeforeProcessingInitializeOnLoad (12ms)
				ProcessInitializeOnLoadAttributes (75ms)
				ProcessInitializeOnLoadMethodAttributes (30ms)
				AfterProcessingInitializeOnLoad (0ms)
				EditorAssembliesLoaded (0ms)
			ExecutionOrderSort2 (0ms)
			AwakeInstancesAfterBackupRestoration (0ms)
Platform modules already initialized, skipping
Registering precompiled user dll's ...
Registered in 0.006868 seconds.
Begin MonoManager ReloadAssembly
Native extension for WindowsStandalone target not found
Refreshing native plugins compatible for Editor in 204.73 ms, found 3 plugins.
Preloading 0 native plugins for Editor in 0.00 ms.
Mono: successfully reloaded assembly
- Completed reload, in  6.945 seconds
Domain Reload Profiling:
	ReloadAssembly (6950ms)
		BeginReloadAssembly (141ms)
			ExecutionOrderSort (0ms)
			DisableScriptedObjects (5ms)
			BackupInstance (0ms)
			ReleaseScriptingObjects (0ms)
			CreateAndSetChildDomain (18ms)
		EndReloadAssembly (6747ms)
			LoadAssemblies (4829ms)
			RebuildTransferFunctionScriptingTraits (0ms)
			SetupTypeCache (939ms)
			ReleaseScriptCaches (1ms)
			RebuildScriptCaches (82ms)
			SetupLoadedEditorAssemblies (771ms)
				LogAssemblyErrors (0ms)
				InitializePlatformSupportModulesInManaged (3ms)
				SetLoadedEditorAssemblies (0ms)
				RefreshPlugins (205ms)
				BeforeProcessingInitializeOnLoad (100ms)
				ProcessInitializeOnLoadAttributes (450ms)
				ProcessInitializeOnLoadMethodAttributes (8ms)
				AfterProcessingInitializeOnLoad (5ms)
				EditorAssembliesLoaded (0ms)
			ExecutionOrderSort2 (0ms)
			AwakeInstancesAfterBackupRestoration (6ms)
Platform modules already initialized, skipping
========================================================================
Worker process is ready to serve import requests
Default GameObject BitMask: UI already registered
Shader 'MoreMountains/MMRipple': fallback shader 'Particle/AlphaBlended' not found
Launched and connected shader compiler UnityShaderCompiler.exe after 0.09 seconds
Refreshing native plugins compatible for Editor in 2.25 ms, found 3 plugins.
Preloading 0 native plugins for Editor in 0.00 ms.
Unloading 4438 Unused Serialized files (Serialized files now loaded: 0)
System memory in use before: 503.8 MB.
System memory in use after: 504.0 MB.

Unloading 39 unused Assets to reduce memory usage. Loaded Objects now: 4887.
Total: 4.791100 ms (FindLiveObjects: 0.743800 ms CreateObjectMapping: 0.388200 ms MarkObjects: 3.545400 ms  DeleteObjects: 0.112600 ms)

AssetImportParameters requested are different than current active one (requested -> active):
  custom:framework-win-MediaFoundation: 216162199b28c13a410421893ffa2e32 -> 
  custom:video-decoder-ogg-theora: a1e56fd34408186e4bbccfd4996cb3dc -> 
  custom:container-muxer-webm: aa71ff27fc2769a1b78a27578f13a17b -> 
  custom:container-demuxer-webm: 4f35f7cbe854078d1ac9338744f61a02 -> 
  custom:container-demuxer-ogg: 62fdf1f143b41e24485cea50d1cbac27 -> 
  custom:video-encoder-webm-vp8: eb34c28f22e8b96e1ab97ce403110664 -> 
  custom:video-decoder-webm-vp8: 9c59270c3fd7afecdb556c50c9e8de78 -> 
  custom:audio-decoder-ogg-vorbis: bf7c407c2cedff20999df2af8eb42d56 -> 
  custom:audio-encoder-webm-vorbis: bf7c407c2cedff20999df2af8eb42d56 -> 
========================================================================
Received Import Request.
  path: Assets/Scripts/EnemeyScripts/BasicEnemyScript.cs
  artifactKey: Guid(78ff2fd18f28dc547a90e79a655508ed) Importer(815301076,1909f56bfc062723c751e8b465ee728b)
Start importing Assets/Scripts/EnemeyScripts/BasicEnemyScript.cs using Guid(78ff2fd18f28dc547a90e79a655508ed) Importer(815301076,1909f56bfc062723c751e8b465ee728b)  -> (artifact id: 'ae5489bb1e21d88900de2a60a335fe96') in 0.029596 seconds 
  Import took 0.037305 seconds .

========================================================================
Received Import Request.
  Time since last request: 0.000135 seconds.
  path: Assets/Prefabs/BasicEnemy.prefab
  artifactKey: Guid(879eb0c8db046f8439285cb08329f317) Importer(815301076,1909f56bfc062723c751e8b465ee728b)
Start importing Assets/Prefabs/BasicEnemy.prefab using Guid(879eb0c8db046f8439285cb08329f317) Importer(815301076,1909f56bfc062723c751e8b465ee728b)  -> (artifact id: '893ad3ea5a66272e2f07bebb82dc027c') in 0.576625 seconds 
  Import took 0.587545 seconds .

========================================================================
Received Import Request.
  Time since last request: 642.253038 seconds.
  path: Assets/Prefabs/AngleroxEye.prefab
  artifactKey: Guid(fd63ade946d321542b4fd42801557066) Importer(815301076,1909f56bfc062723c751e8b465ee728b)
Start importing Assets/Prefabs/AngleroxEye.prefab using Guid(fd63ade946d321542b4fd42801557066) Importer(815301076,1909f56bfc062723c751e8b465ee728b)  -> (artifact id: '250f00c3a58dd1d757c59225f53ca37a') in 0.033830 seconds 
  Import took 0.042078 seconds .

========================================================================
Received Import Request.
  Time since last request: 0.000184 seconds.
  path: Assets/Prefabs/LaserTurret.prefab
  artifactKey: Guid(23e516559ac79a84e911ad33c9930be2) Importer(815301076,1909f56bfc062723c751e8b465ee728b)
Start importing Assets/Prefabs/LaserTurret.prefab using Guid(23e516559ac79a84e911ad33c9930be2) Importer(815301076,1909f56bfc062723c751e8b465ee728b)  -> (artifact id: 'd5563ca54f5d1f1519ad46612c460d7f') in 0.043645 seconds 
  Import took 0.050467 seconds .

========================================================================
Received Import Request.
  Time since last request: 0.000148 seconds.
  path: Assets/Prefabs/LavaFloor.prefab
  artifactKey: Guid(7664c4103fb9bea429f42a63027aec81) Importer(815301076,1909f56bfc062723c751e8b465ee728b)
Start importing Assets/Prefabs/LavaFloor.prefab using Guid(7664c4103fb9bea429f42a63027aec81) Importer(815301076,1909f56bfc062723c751e8b465ee728b)  -> (artifact id: 'd092966d8e9b09087ad46869d3bb25d7') in 0.020671 seconds 
  Import took 0.027995 seconds .

========================================================================
Received Import Request.
  Time since last request: 0.000128 seconds.
  path: Assets/Prefabs/CombatWaveTrigger 1.prefab
  artifactKey: Guid(b352c527d0baec64ea5e3d7761e4393f) Importer(815301076,1909f56bfc062723c751e8b465ee728b)
Start importing Assets/Prefabs/CombatWaveTrigger 1.prefab using Guid(b352c527d0baec64ea5e3d7761e4393f) Importer(815301076,1909f56bfc062723c751e8b465ee728b)  -> (artifact id: 'f4254e46ea04efea1de9bd424ba51bc3') in 0.039856 seconds 
  Import took 0.048488 seconds .

========================================================================
Received Import Request.
  Time since last request: 0.000130 seconds.
  path: Assets/Prefabs/Torti.prefab
  artifactKey: Guid(a235bc2cb9c753e4f925d6fecfea342f) Importer(815301076,1909f56bfc062723c751e8b465ee728b)
Start importing Assets/Prefabs/Torti.prefab using Guid(a235bc2cb9c753e4f925d6fecfea342f) Importer(815301076,1909f56bfc062723c751e8b465ee728b)  -> (artifact id: '77a3c05c9096fdc45d8b971652d0af1e') in 0.533439 seconds 
  Import took 0.549984 seconds .

========================================================================
Received Import Request.
  Time since last request: 0.000117 seconds.
  path: Assets/Prefabs/CombatWaveTrigger.prefab
  artifactKey: Guid(3048a62c5b190f546a9557e9414349cb) Importer(815301076,1909f56bfc062723c751e8b465ee728b)
Start importing Assets/Prefabs/CombatWaveTrigger.prefab using Guid(3048a62c5b190f546a9557e9414349cb) Importer(815301076,1909f56bfc062723c751e8b465ee728b)  -> (artifact id: '1dc184d3bccb529e518a6e84d779bbe0') in 0.035927 seconds 
  Import took 0.045355 seconds .

========================================================================
Received Import Request.
  Time since last request: 0.000126 seconds.
  path: Assets/Prefabs/pillar1.prefab
  artifactKey: Guid(45b13a71518d6864fa74bc7a52d23d81) Importer(815301076,1909f56bfc062723c751e8b465ee728b)
Start importing Assets/Prefabs/pillar1.prefab using Guid(45b13a71518d6864fa74bc7a52d23d81) Importer(815301076,1909f56bfc062723c751e8b465ee728b)  -> (artifact id: 'cadc6ceb8d8f755deaaf8b5b7495e5ff') in 0.537771 seconds 
  Import took 0.544732 seconds .

========================================================================
Received Import Request.
  Time since last request: 0.000135 seconds.
  path: Assets/Prefabs/BIG GUY.prefab
  artifactKey: Guid(18f4618d1ad9dea4bb0306194f59a486) Importer(815301076,1909f56bfc062723c751e8b465ee728b)
Start importing Assets/Prefabs/BIG GUY.prefab using Guid(18f4618d1ad9dea4bb0306194f59a486) Importer(815301076,1909f56bfc062723c751e8b465ee728b)  -> (artifact id: '527c5552631c2cb4fea858f135ae57da') in 0.094986 seconds 
  Import took 0.104135 seconds .

========================================================================
Received Import Request.
  Time since last request: 0.000173 seconds.
  path: Assets/Prefabs/AngleroxEye.prefab
  artifactKey: Guid(fd63ade946d321542b4fd42801557066) Importer(815301076,1909f56bfc062723c751e8b465ee728b)
Start importing Assets/Prefabs/AngleroxEye.prefab using Guid(fd63ade946d321542b4fd42801557066) Importer(815301076,1909f56bfc062723c751e8b465ee728b)  -> (artifact id: '250f00c3a58dd1d757c59225f53ca37a') in 0.011434 seconds 
  Import took 0.018053 seconds .

========================================================================
Received Import Request.
  Time since last request: 0.000144 seconds.
  path: Assets/Prefabs/BIG GUY.prefab
  artifactKey: Guid(18f4618d1ad9dea4bb0306194f59a486) Importer(815301076,1909f56bfc062723c751e8b465ee728b)
Start importing Assets/Prefabs/BIG GUY.prefab using Guid(18f4618d1ad9dea4bb0306194f59a486) Importer(815301076,1909f56bfc062723c751e8b465ee728b)  -> (artifact id: '527c5552631c2cb4fea858f135ae57da') in 0.071911 seconds 
  Import took 0.081144 seconds .

========================================================================
Received Import Request.
  Time since last request: 0.000120 seconds.
  path: Assets/Prefabs/Homing Projectile.prefab
  artifactKey: Guid(10b022a91ef268e43a804d2d9afc7dde) Importer(815301076,1909f56bfc062723c751e8b465ee728b)
Start importing Assets/Prefabs/Homing Projectile.prefab using Guid(10b022a91ef268e43a804d2d9afc7dde) Importer(815301076,1909f56bfc062723c751e8b465ee728b)  -> (artifact id: '8515bf564d18bfec6855df1226d9a0fb') in 0.011888 seconds 
  Import took 0.018518 seconds .

========================================================================
Received Import Request.
  Time since last request: 0.000139 seconds.
  path: Assets/Prefabs/ProjectilePilar.prefab
  artifactKey: Guid(c676c5028208b3f43b27a82fb03e0b1d) Importer(815301076,1909f56bfc062723c751e8b465ee728b)
Start importing Assets/Prefabs/ProjectilePilar.prefab using Guid(c676c5028208b3f43b27a82fb03e0b1d) Importer(815301076,1909f56bfc062723c751e8b465ee728b)  -> (artifact id: '096b3b2042d79288275e26e192e33e49') in 0.017099 seconds 
  Import took 0.022950 seconds .

========================================================================
Received Import Request.
  Time since last request: 31.116383 seconds.
  path: Assets/Prefabs/BIG GUY.prefab
  artifactKey: Guid(18f4618d1ad9dea4bb0306194f59a486) Importer(815301076,1909f56bfc062723c751e8b465ee728b)
Start importing Assets/Prefabs/BIG GUY.prefab using Guid(18f4618d1ad9dea4bb0306194f59a486) Importer(815301076,1909f56bfc062723c751e8b465ee728b)  -> (artifact id: '9f96a3b37eace6a51f206a5232b6f278') in 0.069183 seconds 
  Import took 0.077999 seconds .

========================================================================
Received Prepare
Default GameObject BitMask: UI already registered
Registering precompiled user dll's ...
Registered in 0.006349 seconds.
Begin MonoManager ReloadAssembly
Native extension for WindowsStandalone target not found
Refreshing native plugins compatible for Editor in 2.12 ms, found 3 plugins.
Preloading 0 native plugins for Editor in 0.00 ms.
Mono: successfully reloaded assembly
- Completed reload, in  0.968 seconds
Domain Reload Profiling:
	ReloadAssembly (969ms)
		BeginReloadAssembly (118ms)
			ExecutionOrderSort (0ms)
			DisableScriptedObjects (5ms)
			BackupInstance (0ms)
			ReleaseScriptingObjects (0ms)
			CreateAndSetChildDomain (36ms)
		EndReloadAssembly (804ms)
			LoadAssemblies (73ms)
			RebuildTransferFunctionScriptingTraits (0ms)
			SetupTypeCache (279ms)
			ReleaseScriptCaches (1ms)
			RebuildScriptCaches (40ms)
			SetupLoadedEditorAssemblies (292ms)
				LogAssemblyErrors (0ms)
				InitializePlatformSupportModulesInManaged (3ms)
				SetLoadedEditorAssemblies (0ms)
				RefreshPlugins (2ms)
				BeforeProcessingInitializeOnLoad (86ms)
				ProcessInitializeOnLoadAttributes (191ms)
				ProcessInitializeOnLoadMethodAttributes (5ms)
				AfterProcessingInitializeOnLoad (4ms)
				EditorAssembliesLoaded (0ms)
			ExecutionOrderSort2 (0ms)
			AwakeInstancesAfterBackupRestoration (12ms)
Platform modules already initialized, skipping
Shader 'MoreMountains/MMRipple': fallback shader 'Particle/AlphaBlended' not found
Refreshing native plugins compatible for Editor in 1.89 ms, found 3 plugins.
Preloading 0 native plugins for Editor in 0.00 ms.
Unloading 4242 Unused Serialized files (Serialized files now loaded: 0)
System memory in use before: 507.6 MB.
System memory in use after: 507.8 MB.

Unloading 34 unused Assets to reduce memory usage. Loaded Objects now: 4940.
Total: 4.175900 ms (FindLiveObjects: 0.408500 ms CreateObjectMapping: 0.208300 ms MarkObjects: 3.398100 ms  DeleteObjects: 0.160400 ms)

AssetImportParameters requested are different than current active one (requested -> active):
  custom:framework-win-MediaFoundation: 216162199b28c13a410421893ffa2e32 -> 
  custom:video-decoder-ogg-theora: a1e56fd34408186e4bbccfd4996cb3dc -> 
  custom:container-muxer-webm: aa71ff27fc2769a1b78a27578f13a17b -> 
  custom:container-demuxer-webm: 4f35f7cbe854078d1ac9338744f61a02 -> 
  custom:container-demuxer-ogg: 62fdf1f143b41e24485cea50d1cbac27 -> 
  custom:video-encoder-webm-vp8: eb34c28f22e8b96e1ab97ce403110664 -> 
  custom:video-decoder-webm-vp8: 9c59270c3fd7afecdb556c50c9e8de78 -> 
  custom:audio-decoder-ogg-vorbis: bf7c407c2cedff20999df2af8eb42d56 -> 
  custom:audio-encoder-webm-vorbis: bf7c407c2cedff20999df2af8eb42d56 -> 
========================================================================
Received Import Request.
  Time since last request: 711.812959 seconds.
  path: Assets/Animations/Animators/BigEnemy.controller
  artifactKey: Guid(2f2e9bf1f65932044bd10ed7d6b8c46e) Importer(815301076,1909f56bfc062723c751e8b465ee728b)
Start importing Assets/Animations/Animators/BigEnemy.controller using Guid(2f2e9bf1f65932044bd10ed7d6b8c46e) Importer(815301076,1909f56bfc062723c751e8b465ee728b)  -> (artifact id: '96d5f5864f4d317384d5bf4d63172a7b') in 0.072967 seconds 
  Import took 0.080556 seconds .

========================================================================
Received Import Request.
  Time since last request: 293.695475 seconds.
  path: Assets/Scripts/PlayerScripts/ThirdPerson_PlayerControler.cs
  artifactKey: Guid(eeb67e2426610bf4d82cafa8ac28bc27) Importer(815301076,1909f56bfc062723c751e8b465ee728b)
Start importing Assets/Scripts/PlayerScripts/ThirdPerson_PlayerControler.cs using Guid(eeb67e2426610bf4d82cafa8ac28bc27) Importer(815301076,1909f56bfc062723c751e8b465ee728b)  -> (artifact id: '188ec0d57bf6904267e6467520f8e5f3') in 0.005563 seconds 
  Import took 0.013067 seconds .

========================================================================
Received Import Request.
  Time since last request: 0.000485 seconds.
  path: Assets/Scripts/PlayerScripts/ThirdPerson_PlayerControler.cs
  artifactKey: Guid(eeb67e2426610bf4d82cafa8ac28bc27) Importer(815301076,1909f56bfc062723c751e8b465ee728b)
Start importing Assets/Scripts/PlayerScripts/ThirdPerson_PlayerControler.cs using Guid(eeb67e2426610bf4d82cafa8ac28bc27) Importer(815301076,1909f56bfc062723c751e8b465ee728b)  -> (artifact id: '188ec0d57bf6904267e6467520f8e5f3') in 0.002229 seconds 
  Import took 0.008119 seconds .

========================================================================
Received Import Request.
  Time since last request: 104.574525 seconds.
  path: Assets/Managers/PlayerControls.inputactions
  artifactKey: Guid(f9050c9fba66f7e418455c79e6167514) Importer(815301076,1909f56bfc062723c751e8b465ee728b)
Start importing Assets/Managers/PlayerControls.inputactions using Guid(f9050c9fba66f7e418455c79e6167514) Importer(815301076,1909f56bfc062723c751e8b465ee728b)  -> (artifact id: '461466f09e97e5609ff8e248e7394980') in 0.017939 seconds 
  Import took 0.024871 seconds .

========================================================================
Received Import Request.
  Time since last request: 0.082057 seconds.
  path: Assets/Managers/PlayerControls.inputactions
  artifactKey: Guid(f9050c9fba66f7e418455c79e6167514) Importer(815301076,1909f56bfc062723c751e8b465ee728b)
Start importing Assets/Managers/PlayerControls.inputactions using Guid(f9050c9fba66f7e418455c79e6167514) Importer(815301076,1909f56bfc062723c751e8b465ee728b)  -> (artifact id: '461466f09e97e5609ff8e248e7394980') in 0.005454 seconds 
  Import took 0.012709 seconds .

========================================================================
Received Prepare
Default GameObject BitMask: UI already registered
Registering precompiled user dll's ...
Registered in 0.005511 seconds.
Begin MonoManager ReloadAssembly
Native extension for WindowsStandalone target not found
Refreshing native plugins compatible for Editor in 1.93 ms, found 3 plugins.
Preloading 0 native plugins for Editor in 0.00 ms.
Mono: successfully reloaded assembly
- Completed reload, in  1.016 seconds
Domain Reload Profiling:
	ReloadAssembly (1017ms)
		BeginReloadAssembly (108ms)
			ExecutionOrderSort (0ms)
			DisableScriptedObjects (4ms)
			BackupInstance (0ms)
			ReleaseScriptingObjects (0ms)
			CreateAndSetChildDomain (34ms)
		EndReloadAssembly (859ms)
			LoadAssemblies (81ms)
			RebuildTransferFunctionScriptingTraits (0ms)
			SetupTypeCache (296ms)
			ReleaseScriptCaches (2ms)
			RebuildScriptCaches (42ms)
			SetupLoadedEditorAssemblies (297ms)
				LogAssemblyErrors (0ms)
				InitializePlatformSupportModulesInManaged (3ms)
				SetLoadedEditorAssemblies (0ms)
				RefreshPlugins (2ms)
				BeforeProcessingInitializeOnLoad (88ms)
				ProcessInitializeOnLoadAttributes (193ms)
				ProcessInitializeOnLoadMethodAttributes (5ms)
				AfterProcessingInitializeOnLoad (4ms)
				EditorAssembliesLoaded (0ms)
			ExecutionOrderSort2 (0ms)
			AwakeInstancesAfterBackupRestoration (13ms)
Platform modules already initialized, skipping
Shader 'MoreMountains/MMRipple': fallback shader 'Particle/AlphaBlended' not found
Refreshing native plugins compatible for Editor in 1.99 ms, found 3 plugins.
Preloading 0 native plugins for Editor in 0.00 ms.
Unloading 4242 Unused Serialized files (Serialized files now loaded: 0)
System memory in use before: 507.6 MB.
System memory in use after: 507.9 MB.

Unloading 32 unused Assets to reduce memory usage. Loaded Objects now: 4942.
Total: 3.368900 ms (FindLiveObjects: 0.445500 ms CreateObjectMapping: 0.203200 ms MarkObjects: 2.600300 ms  DeleteObjects: 0.118700 ms)

AssetImportParameters requested are different than current active one (requested -> active):
  custom:framework-win-MediaFoundation: 216162199b28c13a410421893ffa2e32 -> 
  custom:video-decoder-ogg-theora: a1e56fd34408186e4bbccfd4996cb3dc -> 
  custom:container-muxer-webm: aa71ff27fc2769a1b78a27578f13a17b -> 
  custom:container-demuxer-webm: 4f35f7cbe854078d1ac9338744f61a02 -> 
  custom:container-demuxer-ogg: 62fdf1f143b41e24485cea50d1cbac27 -> 
  custom:video-encoder-webm-vp8: eb34c28f22e8b96e1ab97ce403110664 -> 
  custom:video-decoder-webm-vp8: 9c59270c3fd7afecdb556c50c9e8de78 -> 
  custom:audio-decoder-ogg-vorbis: bf7c407c2cedff20999df2af8eb42d56 -> 
  custom:audio-encoder-webm-vorbis: bf7c407c2cedff20999df2af8eb42d56 -> 
========================================================================
Received Import Request.
  Time since last request: 6.630548 seconds.
  path: Assets/Managers/PlayerControls.cs
  artifactKey: Guid(aa1c249d2b0cc434091f9b3505f59c80) Importer(815301076,1909f56bfc062723c751e8b465ee728b)
Start importing Assets/Managers/PlayerControls.cs using Guid(aa1c249d2b0cc434091f9b3505f59c80) Importer(815301076,1909f56bfc062723c751e8b465ee728b)  -> (artifact id: 'df37539ab40103a226321360d8e080cf') in 0.006963 seconds 
  Import took 0.013642 seconds .

========================================================================
Received Import Request.
  Time since last request: 11.009415 seconds.
  path: Assets/Scripts/PlayerScripts/PlayerInputCheck.cs
  artifactKey: Guid(2a70ca36a35b9e84ca7f332decb74046) Importer(815301076,1909f56bfc062723c751e8b465ee728b)
Start importing Assets/Scripts/PlayerScripts/PlayerInputCheck.cs using Guid(2a70ca36a35b9e84ca7f332decb74046) Importer(815301076,1909f56bfc062723c751e8b465ee728b)  -> (artifact id: '05f82352773b635f909d99e61f1eb2ff') in 0.006074 seconds 
  Import took 0.012654 seconds .

========================================================================
Received Import Request.
  Time since last request: 69.977617 seconds.
  path: Assets/Scripts/PlayerScripts/PlayerInputCheck.cs
  artifactKey: Guid(2a70ca36a35b9e84ca7f332decb74046) Importer(815301076,1909f56bfc062723c751e8b465ee728b)
Start importing Assets/Scripts/PlayerScripts/PlayerInputCheck.cs using Guid(2a70ca36a35b9e84ca7f332decb74046) Importer(815301076,1909f56bfc062723c751e8b465ee728b)  -> (artifact id: '536a41740b40de1e7c871da8fe86fc95') in 0.001952 seconds 
  Import took 0.008536 seconds .

========================================================================
Received Prepare
Default GameObject BitMask: UI already registered
Registering precompiled user dll's ...
Registered in 0.005828 seconds.
Begin MonoManager ReloadAssembly
Native extension for WindowsStandalone target not found
Refreshing native plugins compatible for Editor in 1.80 ms, found 3 plugins.
Preloading 0 native plugins for Editor in 0.00 ms.
Mono: successfully reloaded assembly
- Completed reload, in  0.948 seconds
Domain Reload Profiling:
	ReloadAssembly (948ms)
		BeginReloadAssembly (100ms)
			ExecutionOrderSort (0ms)
			DisableScriptedObjects (4ms)
			BackupInstance (0ms)
			ReleaseScriptingObjects (0ms)
			CreateAndSetChildDomain (31ms)
		EndReloadAssembly (802ms)
			LoadAssemblies (79ms)
			RebuildTransferFunctionScriptingTraits (0ms)
			SetupTypeCache (278ms)
			ReleaseScriptCaches (1ms)
			RebuildScriptCaches (40ms)
			SetupLoadedEditorAssemblies (287ms)
				LogAssemblyErrors (0ms)
				InitializePlatformSupportModulesInManaged (3ms)
				SetLoadedEditorAssemblies (0ms)
				RefreshPlugins (2ms)
				BeforeProcessingInitializeOnLoad (85ms)
				ProcessInitializeOnLoadAttributes (186ms)
				ProcessInitializeOnLoadMethodAttributes (5ms)
				AfterProcessingInitializeOnLoad (5ms)
				EditorAssembliesLoaded (0ms)
			ExecutionOrderSort2 (0ms)
			AwakeInstancesAfterBackupRestoration (12ms)
Platform modules already initialized, skipping
Shader 'MoreMountains/MMRipple': fallback shader 'Particle/AlphaBlended' not found
Refreshing native plugins compatible for Editor in 1.89 ms, found 3 plugins.
Preloading 0 native plugins for Editor in 0.00 ms.
Unloading 4242 Unused Serialized files (Serialized files now loaded: 0)
System memory in use before: 507.7 MB.
System memory in use after: 507.9 MB.

Unloading 32 unused Assets to reduce memory usage. Loaded Objects now: 4944.
Total: 5.057900 ms (FindLiveObjects: 0.659300 ms CreateObjectMapping: 0.273000 ms MarkObjects: 3.993700 ms  DeleteObjects: 0.130800 ms)

AssetImportParameters requested are different than current active one (requested -> active):
  custom:framework-win-MediaFoundation: 216162199b28c13a410421893ffa2e32 -> 
  custom:video-decoder-ogg-theora: a1e56fd34408186e4bbccfd4996cb3dc -> 
  custom:container-muxer-webm: aa71ff27fc2769a1b78a27578f13a17b -> 
  custom:container-demuxer-webm: 4f35f7cbe854078d1ac9338744f61a02 -> 
  custom:container-demuxer-ogg: 62fdf1f143b41e24485cea50d1cbac27 -> 
  custom:video-encoder-webm-vp8: eb34c28f22e8b96e1ab97ce403110664 -> 
  custom:video-decoder-webm-vp8: 9c59270c3fd7afecdb556c50c9e8de78 -> 
  custom:audio-decoder-ogg-vorbis: bf7c407c2cedff20999df2af8eb42d56 -> 
  custom:audio-encoder-webm-vorbis: bf7c407c2cedff20999df2af8eb42d56 -> 
========================================================================
Received Import Request.
  Time since last request: 215.979899 seconds.
  path: Assets/Art/FlatKit/PresetsShared/Materials/CelWithRim01__StylSurf_Single_ExCel_Spec_Rim.mat
  artifactKey: Guid(67e02736826e94ff1a0442df707a7a1c) Importer(815301076,1909f56bfc062723c751e8b465ee728b)
Start importing Assets/Art/FlatKit/PresetsShared/Materials/CelWithRim01__StylSurf_Single_ExCel_Spec_Rim.mat using Guid(67e02736826e94ff1a0442df707a7a1c) Importer(815301076,1909f56bfc062723c751e8b465ee728b)  -> (artifact id: 'f0ff2f1b5d68e2f98e6ccf525355c882') in 0.178262 seconds 
  Import took 0.185198 seconds .

========================================================================
Received Import Request.
  Time since last request: 0.000215 seconds.
  path: Assets/ParticleEffects/Epic Toon FX/Prefabs/Combat/Flamethrower/Spiky/FlamethrowerSpikyPurple.prefab
  artifactKey: Guid(681e0b2012e0f6b44b29743efc3a14bb) Importer(815301076,1909f56bfc062723c751e8b465ee728b)
Start importing Assets/ParticleEffects/Epic Toon FX/Prefabs/Combat/Flamethrower/Spiky/FlamethrowerSpikyPurple.prefab using Guid(681e0b2012e0f6b44b29743efc3a14bb) Importer(815301076,1909f56bfc062723c751e8b465ee728b)  -> (artifact id: '9ba10225131d029699eb003e8b1ef214') in 0.037369 seconds 
  Import took 0.043396 seconds .

========================================================================
Received Import Request.
  Time since last request: 0.000186 seconds.
  path: Assets/ParticleEffects/Epic Toon FX/Prefabs/Combat/Flamethrower/Spiky/FlamethrowerSpikyBlue.prefab
  artifactKey: Guid(8af3b97aa9cf4b545b494ece58511c3d) Importer(815301076,1909f56bfc062723c751e8b465ee728b)
Start importing Assets/ParticleEffects/Epic Toon FX/Prefabs/Combat/Flamethrower/Spiky/FlamethrowerSpikyBlue.prefab using Guid(8af3b97aa9cf4b545b494ece58511c3d) Importer(815301076,1909f56bfc062723c751e8b465ee728b)  -> (artifact id: 'ec72a399e672611f4550089e7838401c') in 0.020918 seconds 
  Import took 0.027377 seconds .

========================================================================
Received Import Request.
  Time since last request: 0.000209 seconds.
  path: Assets/Art/FlatKit/PresetsShared/Presets/CelWithRim02__StylSurf_Single_ExCel_Spec_Rim.preset
  artifactKey: Guid(0859201f5c4f045e8b9ba5f1af163f87) Importer(815301076,1909f56bfc062723c751e8b465ee728b)
Start importing Assets/Art/FlatKit/PresetsShared/Presets/CelWithRim02__StylSurf_Single_ExCel_Spec_Rim.preset using Guid(0859201f5c4f045e8b9ba5f1af163f87) Importer(815301076,1909f56bfc062723c751e8b465ee728b)  -> (artifact id: '86fac644f44a51dc2d1f9369e8e080b1') in 0.014260 seconds 
  Import took 0.020601 seconds .

========================================================================
Received Import Request.
  Time since last request: 0.000233 seconds.
  path: Assets/Art/FlatKit/PresetsShared/Materials/SmoothRim01__StylSurf_None_Rim.mat
  artifactKey: Guid(f80ee76898a4e4c40b4362f31057b793) Importer(815301076,1909f56bfc062723c751e8b465ee728b)
Start importing Assets/Art/FlatKit/PresetsShared/Materials/SmoothRim01__StylSurf_None_Rim.mat using Guid(f80ee76898a4e4c40b4362f31057b793) Importer(815301076,1909f56bfc062723c751e8b465ee728b)  -> (artifact id: '40ba6b577aca3f8be8e55ee638148b6d') in 0.028896 seconds 
  Import took 0.035173 seconds .

========================================================================
Received Import Request.
  Time since last request: 0.000204 seconds.
  path: Assets/Tools/Feel/MMTools/Tools/MMDebugMenu/Prefabs/MMDebugMenuChoicesThree.prefab
  artifactKey: Guid(804c003da46ec914e80badaf93e6d2da) Importer(815301076,1909f56bfc062723c751e8b465ee728b)
Start importing Assets/Tools/Feel/MMTools/Tools/MMDebugMenu/Prefabs/MMDebugMenuChoicesThree.prefab using Guid(804c003da46ec914e80badaf93e6d2da) Importer(815301076,1909f56bfc062723c751e8b465ee728b)  -> (artifact id: 'dee3ac795d27a673416fa337c9291444') in 0.032941 seconds 
  Import took 0.038781 seconds .

========================================================================
Received Import Request.
  Time since last request: 0.000120 seconds.
  path: Assets/Tools/Feel/FeelDemosURP/Strike/Sounds/FeelStrikeThrow.wav
  artifactKey: Guid(bebedb9f3395e5b408ff645048a4cbe2) Importer(815301076,1909f56bfc062723c751e8b465ee728b)
Start importing Assets/Tools/Feel/FeelDemosURP/Strike/Sounds/FeelStrikeThrow.wav using Guid(bebedb9f3395e5b408ff645048a4cbe2) Importer(815301076,1909f56bfc062723c751e8b465ee728b)  -> (artifact id: '6d00c2cf6d945d03639e3eeb35830cfb') in 0.047977 seconds 
  Import took 0.053488 seconds .

========================================================================
Received Import Request.
  Time since last request: 0.000190 seconds.
  path: Assets/ParticleEffects/Epic Toon FX/Prefabs/Combat/Flamethrower/Soft/Alpha Blend/FlamethrowerAlphaBlendGreen.prefab
  artifactKey: Guid(12f485eacd5cee5468ee56504f42f04d) Importer(815301076,1909f56bfc062723c751e8b465ee728b)
Start importing Assets/ParticleEffects/Epic Toon FX/Prefabs/Combat/Flamethrower/Soft/Alpha Blend/FlamethrowerAlphaBlendGreen.prefab using Guid(12f485eacd5cee5468ee56504f42f04d) Importer(815301076,1909f56bfc062723c751e8b465ee728b)  -> (artifact id: '0945ec8dcd4c0b9791a6b7e8bc1c8f24') in 0.025013 seconds 
  Import took 0.031300 seconds .

========================================================================
Received Import Request.
  Time since last request: 0.000299 seconds.
  path: Assets/ParticleEffects/Epic Toon FX/Prefabs/Combat/Flamethrower/Soft/Additive/FlamethrowerAdditiveBlue.prefab
  artifactKey: Guid(ee6a114cec5abb24f89afa63f8f3d574) Importer(815301076,1909f56bfc062723c751e8b465ee728b)
Start importing Assets/ParticleEffects/Epic Toon FX/Prefabs/Combat/Flamethrower/Soft/Additive/FlamethrowerAdditiveBlue.prefab using Guid(ee6a114cec5abb24f89afa63f8f3d574) Importer(815301076,1909f56bfc062723c751e8b465ee728b)  -> (artifact id: '0288a218078dc849ce5983c72694570f') in 0.018572 seconds 
  Import took 0.024998 seconds .

========================================================================
Received Import Request.
  Time since last request: 0.000185 seconds.
  path: Assets/ParticleEffects/Epic Toon FX/Prefabs/Combat/Flamethrower/Cartoon/FlamethrowerCartoonyBlue.prefab
  artifactKey: Guid(8118656e898f2fb4daa469e2393514dd) Importer(815301076,1909f56bfc062723c751e8b465ee728b)
Start importing Assets/ParticleEffects/Epic Toon FX/Prefabs/Combat/Flamethrower/Cartoon/FlamethrowerCartoonyBlue.prefab using Guid(8118656e898f2fb4daa469e2393514dd) Importer(815301076,1909f56bfc062723c751e8b465ee728b)  -> (artifact id: '2de41670eb6e21d97cf68840bb7ee895') in 0.052562 seconds 
  Import took 0.058758 seconds .

========================================================================
Received Import Request.
  Time since last request: 0.000174 seconds.
  path: Assets/Art/Sci Fi Armchair/Textures/Armchair/Materials/Armchair MetallicSmoothness.mat
  artifactKey: Guid(ed9ed6fdace4a674aae3e1448557ff43) Importer(815301076,1909f56bfc062723c751e8b465ee728b)
Start importing Assets/Art/Sci Fi Armchair/Textures/Armchair/Materials/Armchair MetallicSmoothness.mat using Guid(ed9ed6fdace4a674aae3e1448557ff43) Importer(815301076,1909f56bfc062723c751e8b465ee728b)  -> (artifact id: 'df1022312073499c3ea332761108c39c') in 0.027667 seconds 
  Import took 0.033634 seconds .

========================================================================
Received Import Request.
  Time since last request: 0.000169 seconds.
  path: Assets/Art/Dark_Fantasy/Assets/Textures_Grp/Textures/Bag_Close_01_LowRes_phong1_MetallicSmoothness.png
  artifactKey: Guid(329a9929ab4ee1647aa70310c1abd5c0) Importer(815301076,1909f56bfc062723c751e8b465ee728b)
Start importing Assets/Art/Dark_Fantasy/Assets/Textures_Grp/Textures/Bag_Close_01_LowRes_phong1_MetallicSmoothness.png using Guid(329a9929ab4ee1647aa70310c1abd5c0) Importer(815301076,1909f56bfc062723c751e8b465ee728b)  -> (artifact id: '3c4c365f9fa2a6ac2469ca7fda5ed519') in 0.026340 seconds 
  Import took 0.032486 seconds .

========================================================================
Received Import Request.
  Time since last request: 0.000200 seconds.
  path: Assets/Art/Dark_Fantasy/Assets/Textures_Grp/Textures/Cage_Ironworks_Color_016_Metal_Alpha_MetallicSmoothness.png
  artifactKey: Guid(f53128f02d0b3124f849a2f13ea01e7a) Importer(815301076,1909f56bfc062723c751e8b465ee728b)
Start importing Assets/Art/Dark_Fantasy/Assets/Textures_Grp/Textures/Cage_Ironworks_Color_016_Metal_Alpha_MetallicSmoothness.png using Guid(f53128f02d0b3124f849a2f13ea01e7a) Importer(815301076,1909f56bfc062723c751e8b465ee728b)  -> (artifact id: 'd0e0ba5824b4bb7331c0572cb09b2db3') in 0.018917 seconds 
  Import took 0.025656 seconds .

========================================================================
Received Import Request.
  Time since last request: 0.000223 seconds.
  path: Assets/Art/Dark_Fantasy/Assets/Textures_Grp/Textures/Baluster_LowRes_Color_011_B_MetallicSmoothness.png
  artifactKey: Guid(dc0059006ce44624dbf5ca0d3d9d19da) Importer(815301076,1909f56bfc062723c751e8b465ee728b)
Start importing Assets/Art/Dark_Fantasy/Assets/Textures_Grp/Textures/Baluster_LowRes_Color_011_B_MetallicSmoothness.png using Guid(dc0059006ce44624dbf5ca0d3d9d19da) Importer(815301076,1909f56bfc062723c751e8b465ee728b)  -> (artifact id: 'd69f9d19f6763c66e9258f5e5ae10c36') in 0.021205 seconds 
  Import took 0.027597 seconds .

========================================================================
Received Import Request.
  Time since last request: 0.000256 seconds.
  path: Assets/Art/Dark_Fantasy/Assets/Textures_Grp/Textures/Bench_02_LowRes_Color_041_MetallicSmoothness.png
  artifactKey: Guid(058d2e1690566904a9ad0e2cbd847259) Importer(815301076,1909f56bfc062723c751e8b465ee728b)
Start importing Assets/Art/Dark_Fantasy/Assets/Textures_Grp/Textures/Bench_02_LowRes_Color_041_MetallicSmoothness.png using Guid(058d2e1690566904a9ad0e2cbd847259) Importer(815301076,1909f56bfc062723c751e8b465ee728b)  -> (artifact id: '11c679740478ddf40b632d40eb1c287a') in 0.023072 seconds 
  Import took 0.029412 seconds .

========================================================================
Received Import Request.
  Time since last request: 0.000185 seconds.
  path: Assets/Art/Dark_Fantasy/Assets/Textures_Grp/Textures/Arch_Gate_LowRes_Color_030_MetallicSmoothness.png
  artifactKey: Guid(7b80db93363e18e41a69e930f6fc6eb0) Importer(815301076,1909f56bfc062723c751e8b465ee728b)
Start importing Assets/Art/Dark_Fantasy/Assets/Textures_Grp/Textures/Arch_Gate_LowRes_Color_030_MetallicSmoothness.png using Guid(7b80db93363e18e41a69e930f6fc6eb0) Importer(815301076,1909f56bfc062723c751e8b465ee728b)  -> (artifact id: 'bdb65d17522135b36e1c8185e9c00fb8') in 0.018553 seconds 
  Import took 0.024491 seconds .

========================================================================
Received Import Request.
  Time since last request: 0.000158 seconds.
  path: Assets/Art/Dark_Fantasy/Assets/Textures_Grp/Textures/Cage_LowRes_phong1_MetallicSmoothness.png
  artifactKey: Guid(f548acc1d58c4f7498b1b22b1c5ab7fb) Importer(815301076,1909f56bfc062723c751e8b465ee728b)
Start importing Assets/Art/Dark_Fantasy/Assets/Textures_Grp/Textures/Cage_LowRes_phong1_MetallicSmoothness.png using Guid(f548acc1d58c4f7498b1b22b1c5ab7fb) Importer(815301076,1909f56bfc062723c751e8b465ee728b)  -> (artifact id: '268a51ccd45e106e22ea4d889af65b28') in 0.019889 seconds 
  Import took 0.025570 seconds .

========================================================================
Received Import Request.
  Time since last request: 0.000135 seconds.
  path: Assets/Art/Dark_Fantasy/Assets/Textures_Grp/Textures/Bench_01_LowRes_Color_012_C_MetallicSmoothness.png
  artifactKey: Guid(ccbb8622c108b484eb80d2939e6c9f4a) Importer(815301076,1909f56bfc062723c751e8b465ee728b)
Start importing Assets/Art/Dark_Fantasy/Assets/Textures_Grp/Textures/Bench_01_LowRes_Color_012_C_MetallicSmoothness.png using Guid(ccbb8622c108b484eb80d2939e6c9f4a) Importer(815301076,1909f56bfc062723c751e8b465ee728b)  -> (artifact id: 'b99898fc406d029f9ee5abfaf52f3e5e') in 0.018103 seconds 
  Import took 0.024594 seconds .

========================================================================
Received Import Request.
  Time since last request: 0.000146 seconds.
  path: Assets/ParticleEffects/Epic Toon FX/Prefabs/Combat/Flamethrower/Soft/Additive/FlamethrowerAdditiveGreen.prefab
  artifactKey: Guid(52cdf2ccc43c0904bba2008d7a9d4086) Importer(815301076,1909f56bfc062723c751e8b465ee728b)
Start importing Assets/ParticleEffects/Epic Toon FX/Prefabs/Combat/Flamethrower/Soft/Additive/FlamethrowerAdditiveGreen.prefab using Guid(52cdf2ccc43c0904bba2008d7a9d4086) Importer(815301076,1909f56bfc062723c751e8b465ee728b)  -> (artifact id: '97f16576876d9491670752ca82b660e1') in 0.017774 seconds 
  Import took 0.024036 seconds .

========================================================================
Received Import Request.
  Time since last request: 0.000188 seconds.
  path: Assets/Art/Dark_Fantasy/Assets/Textures_Grp/Textures/Brazier_LowRes_phong1_MetallicSmoothness.png
  artifactKey: Guid(3b065b34b5598a84c992a833b8e4f275) Importer(815301076,1909f56bfc062723c751e8b465ee728b)
Start importing Assets/Art/Dark_Fantasy/Assets/Textures_Grp/Textures/Brazier_LowRes_phong1_MetallicSmoothness.png using Guid(3b065b34b5598a84c992a833b8e4f275) Importer(815301076,1909f56bfc062723c751e8b465ee728b)  -> (artifact id: '7fbff84935966f207a74021821c2b6ec') in 0.018049 seconds 
  Import took 0.023818 seconds .

========================================================================
Received Import Request.
  Time since last request: 0.000183 seconds.
  path: Assets/ParticleEffects/Epic Toon FX/Prefabs/Combat/Flamethrower/Soft/Alpha Blend/FlamethrowerAlphaBlendBlue.prefab
  artifactKey: Guid(14a80385bc51aef4b860cebf3aae7e24) Importer(815301076,1909f56bfc062723c751e8b465ee728b)
Start importing Assets/ParticleEffects/Epic Toon FX/Prefabs/Combat/Flamethrower/Soft/Alpha Blend/FlamethrowerAlphaBlendBlue.prefab using Guid(14a80385bc51aef4b860cebf3aae7e24) Importer(815301076,1909f56bfc062723c751e8b465ee728b)  -> (artifact id: '295a8bead572517d81bab526144ea858') in 0.013935 seconds 
  Import took 0.020001 seconds .

========================================================================
Received Import Request.
  Time since last request: 0.000132 seconds.
  path: Assets/ParticleEffects/Epic Toon FX/Prefabs/Combat/Flamethrower/Soft/Alpha Blend/FlamethrowerAlphaBlendRed.prefab
  artifactKey: Guid(6ec8d4ecb3803764b8b54ecc5897784f) Importer(815301076,1909f56bfc062723c751e8b465ee728b)
Start importing Assets/ParticleEffects/Epic Toon FX/Prefabs/Combat/Flamethrower/Soft/Alpha Blend/FlamethrowerAlphaBlendRed.prefab using Guid(6ec8d4ecb3803764b8b54ecc5897784f) Importer(815301076,1909f56bfc062723c751e8b465ee728b)  -> (artifact id: 'c8c7d7024203552d03d5940312f8a1eb') in 0.014140 seconds 
  Import took 0.020383 seconds .

========================================================================
Received Import Request.
  Time since last request: 0.000185 seconds.
  path: Assets/Art/Protofactor/Sci Fi/Sci Fi Characters Mega Pack Vol 2/Sci Fi Creatures Vol 2/Ursacetus/FBX Files/Ursacetus@UnearthRock.fbx
  artifactKey: Guid(f2ae753d7dfe6df49832451220ce38eb) Importer(815301076,1909f56bfc062723c751e8b465ee728b)
Start importing Assets/Art/Protofactor/Sci Fi/Sci Fi Characters Mega Pack Vol 2/Sci Fi Creatures Vol 2/Ursacetus/FBX Files/Ursacetus@UnearthRock.fbx using Guid(f2ae753d7dfe6df49832451220ce38eb) Importer(815301076,1909f56bfc062723c751e8b465ee728b)  -> (artifact id: '48ad510561e3cdcec63b00c904088c30') in 0.031421 seconds 
  Import took 0.037271 seconds .

========================================================================
Received Import Request.
  Time since last request: 0.000197 seconds.
  path: Assets/Art/Protofactor/Sci Fi/Sci Fi Characters Mega Pack Vol 2/Sci Fi Creatures Vol 2/Arack/FBX Files/Arack@IdleBreathe.fbx
  artifactKey: Guid(a344980a9d11ee94396cbc6efa5713b3) Importer(815301076,1909f56bfc062723c751e8b465ee728b)
Start importing Assets/Art/Protofactor/Sci Fi/Sci Fi Characters Mega Pack Vol 2/Sci Fi Creatures Vol 2/Arack/FBX Files/Arack@IdleBreathe.fbx using Guid(a344980a9d11ee94396cbc6efa5713b3) Importer(815301076,1909f56bfc062723c751e8b465ee728b)  -> (artifact id: '757c4e10b8c2b6209f152a367b9c5eae') in 0.015943 seconds 
  Import took 0.022231 seconds .

========================================================================
Received Import Request.
  Time since last request: 0.000185 seconds.
  path: Assets/ParticleEffects/Epic Toon FX/Prefabs/Combat/Flamethrower/Soft/Alpha Blend/FlamethrowerAlphaBlendPurple.prefab
  artifactKey: Guid(6b5931f42d32fcb47849ec0905480f06) Importer(815301076,1909f56bfc062723c751e8b465ee728b)
Start importing Assets/ParticleEffects/Epic Toon FX/Prefabs/Combat/Flamethrower/Soft/Alpha Blend/FlamethrowerAlphaBlendPurple.prefab using Guid(6b5931f42d32fcb47849ec0905480f06) Importer(815301076,1909f56bfc062723c751e8b465ee728b)  -> (artifact id: '3b4fcb39eef0799c030f64bf87a0d48b') in 0.013693 seconds 
  Import took 0.020070 seconds .

========================================================================
Received Import Request.
  Time since last request: 0.000224 seconds.
  path: Assets/Art/Dark_Fantasy/Assets/Textures_Grp/Textures/Books_01_LowRes_Color_011_C_MetallicSmoothness.png
  artifactKey: Guid(e424d14b0b2dc314f809e79bae638521) Importer(815301076,1909f56bfc062723c751e8b465ee728b)
Start importing Assets/Art/Dark_Fantasy/Assets/Textures_Grp/Textures/Books_01_LowRes_Color_011_C_MetallicSmoothness.png using Guid(e424d14b0b2dc314f809e79bae638521) Importer(815301076,1909f56bfc062723c751e8b465ee728b)  -> (artifact id: '8f0f3adcd516208b389830835ff89f6a') in 0.033827 seconds 
  Import took 0.040863 seconds .

========================================================================
Received Import Request.
  Time since last request: 0.000178 seconds.
  path: Assets/ParticleEffects/Epic Toon FX/Prefabs/Combat/Flamethrower/Cartoon/FlamethrowerCartoonyPink.prefab
  artifactKey: Guid(96db9f59e0051f24ab7a2843ba7a6cb7) Importer(815301076,1909f56bfc062723c751e8b465ee728b)
Start importing Assets/ParticleEffects/Epic Toon FX/Prefabs/Combat/Flamethrower/Cartoon/FlamethrowerCartoonyPink.prefab using Guid(96db9f59e0051f24ab7a2843ba7a6cb7) Importer(815301076,1909f56bfc062723c751e8b465ee728b)  -> (artifact id: '16828e899fac02d7c63fbdc936d0f301') in 0.013860 seconds 
  Import took 0.020920 seconds .

========================================================================
Received Import Request.
  Time since last request: 0.000189 seconds.
  path: Assets/ParticleEffects/Epic Toon FX/Prefabs/Combat/Flamethrower/Soft/Additive/FlamethrowerAdditiveRed.prefab
  artifactKey: Guid(066053404d559854a8850fd56b0c728e) Importer(815301076,1909f56bfc062723c751e8b465ee728b)
Start importing Assets/ParticleEffects/Epic Toon FX/Prefabs/Combat/Flamethrower/Soft/Additive/FlamethrowerAdditiveRed.prefab using Guid(066053404d559854a8850fd56b0c728e) Importer(815301076,1909f56bfc062723c751e8b465ee728b)  -> (artifact id: '5c3c56d5def35326d6bbbe2500ba9c6c') in 0.013173 seconds 
  Import took 0.019634 seconds .

========================================================================
Received Import Request.
  Time since last request: 0.000196 seconds.
  path: Assets/Art/Dark_Fantasy/Assets/Textures_Grp/Textures/Books_02_LowRes_Color_011_C_MetallicSmoothness.png
  artifactKey: Guid(d683f39ba9f5d0a47949843efd98855e) Importer(815301076,1909f56bfc062723c751e8b465ee728b)
Start importing Assets/Art/Dark_Fantasy/Assets/Textures_Grp/Textures/Books_02_LowRes_Color_011_C_MetallicSmoothness.png using Guid(d683f39ba9f5d0a47949843efd98855e) Importer(815301076,1909f56bfc062723c751e8b465ee728b)  -> (artifact id: 'caf1ac84458dc2c4626b274646987192') in 0.018040 seconds 
  Import took 0.023974 seconds .

========================================================================
Received Import Request.
  Time since last request: 0.000147 seconds.
  path: Assets/Art/Dark_Fantasy/Assets/Textures_Grp/Textures/Beam_04_Bend_LowRes_Color_02_MetallicSmoothness.png
  artifactKey: Guid(8ce276b84e831cd4bbfdbbeade9333ba) Importer(815301076,1909f56bfc062723c751e8b465ee728b)
Start importing Assets/Art/Dark_Fantasy/Assets/Textures_Grp/Textures/Beam_04_Bend_LowRes_Color_02_MetallicSmoothness.png using Guid(8ce276b84e831cd4bbfdbbeade9333ba) Importer(815301076,1909f56bfc062723c751e8b465ee728b)  -> (artifact id: '4c4a8a3a945ee45e59d576871ba9f326') in 0.018272 seconds 
  Import took 0.024599 seconds .

========================================================================
Received Import Request.
  Time since last request: 0.000192 seconds.
  path: Assets/Art/Dark_Fantasy/Assets/Textures_Grp/Textures/Cauldron_LowRes_Color_050B_MetallicSmoothness.png
  artifactKey: Guid(9b8f56eef6bbe074fbd7d55ffdf5f776) Importer(815301076,1909f56bfc062723c751e8b465ee728b)
Start importing Assets/Art/Dark_Fantasy/Assets/Textures_Grp/Textures/Cauldron_LowRes_Color_050B_MetallicSmoothness.png using Guid(9b8f56eef6bbe074fbd7d55ffdf5f776) Importer(815301076,1909f56bfc062723c751e8b465ee728b)  -> (artifact id: '00f40b0fce3493c0714282d66ab9b81a') in 0.017760 seconds 
  Import took 0.023730 seconds .

========================================================================
Received Import Request.
  Time since last request: 0.000211 seconds.
  path: Assets/Art/Dark_Fantasy/Assets/Textures_Grp/Textures/Baluster_Stone_LowRes_Color_011_MetallicSmoothness.png
  artifactKey: Guid(fd6f5ce8efc6de24f8ff81408bd5d77d) Importer(815301076,1909f56bfc062723c751e8b465ee728b)
Start importing Assets/Art/Dark_Fantasy/Assets/Textures_Grp/Textures/Baluster_Stone_LowRes_Color_011_MetallicSmoothness.png using Guid(fd6f5ce8efc6de24f8ff81408bd5d77d) Importer(815301076,1909f56bfc062723c751e8b465ee728b)  -> (artifact id: 'f2c3c94bdacbe59f93844cc011e259f6') in 0.019021 seconds 
  Import took 0.025241 seconds .

========================================================================
Received Import Request.
  Time since last request: 0.000161 seconds.
  path: Assets/Art/Dark_Fantasy/Assets/Textures_Grp/Textures/Barrel_Break_Metal_LowRes_Color_03_MetallicSmoothness.png
  artifactKey: Guid(b76d92aae9c7aa345bc7992cc41f50a5) Importer(815301076,1909f56bfc062723c751e8b465ee728b)
Start importing Assets/Art/Dark_Fantasy/Assets/Textures_Grp/Textures/Barrel_Break_Metal_LowRes_Color_03_MetallicSmoothness.png using Guid(b76d92aae9c7aa345bc7992cc41f50a5) Importer(815301076,1909f56bfc062723c751e8b465ee728b)  -> (artifact id: 'efad67547276504ec8ca54119dc0a2be') in 0.016667 seconds 
  Import took 0.022410 seconds .

========================================================================
Received Import Request.
  Time since last request: 0.000214 seconds.
  path: Assets/Art/Dark_Fantasy/Assets/Textures_Grp/Textures/Barrel_Break_LowRes_Color_016_Metal_Alpha_MetallicSmoothness.png
  artifactKey: Guid(dc8f6a21161117a4db8cb60761d40111) Importer(815301076,1909f56bfc062723c751e8b465ee728b)
Start importing Assets/Art/Dark_Fantasy/Assets/Textures_Grp/Textures/Barrel_Break_LowRes_Color_016_Metal_Alpha_MetallicSmoothness.png using Guid(dc8f6a21161117a4db8cb60761d40111) Importer(815301076,1909f56bfc062723c751e8b465ee728b)  -> (artifact id: '5983cffbe3ea52c5a028b70a9aeb5584') in 0.017595 seconds 
  Import took 0.023870 seconds .

========================================================================
Received Import Request.
  Time since last request: 0.000163 seconds.
  path: Assets/Art/FlatKit/PresetsShared/Presets/SmoothRim01__StylSurf_None_Rim.preset
  artifactKey: Guid(9827ef236ea1b46d79b7c14b4123fade) Importer(815301076,1909f56bfc062723c751e8b465ee728b)
Start importing Assets/Art/FlatKit/PresetsShared/Presets/SmoothRim01__StylSurf_None_Rim.preset using Guid(9827ef236ea1b46d79b7c14b4123fade) Importer(815301076,1909f56bfc062723c751e8b465ee728b)  -> (artifact id: 'e124d3d3ca17e29e8bbc1ad07380fa3f') in 0.011605 seconds 
  Import took 0.017965 seconds .

========================================================================
Received Import Request.
  Time since last request: 0.000205 seconds.
  path: Assets/Art/Dark_Fantasy/Assets/Textures_Grp/Textures/Candlestick_Ironworks_Color_016_Metal_Alpha_MetallicSmoothness.png
  artifactKey: Guid(eb95a3e8167d27843a6fad43b0a0f17e) Importer(815301076,1909f56bfc062723c751e8b465ee728b)
Start importing Assets/Art/Dark_Fantasy/Assets/Textures_Grp/Textures/Candlestick_Ironworks_Color_016_Metal_Alpha_MetallicSmoothness.png using Guid(eb95a3e8167d27843a6fad43b0a0f17e) Importer(815301076,1909f56bfc062723c751e8b465ee728b)  -> (artifact id: 'aa4c8763cb2646f9fff103fd165ec201') in 0.015545 seconds 
  Import took 0.021525 seconds .

========================================================================
Received Import Request.
  Time since last request: 0.000211 seconds.
  path: Assets/Art/FlatKit/PresetsShared/Presets/SmoothRim02__StylSurf_None_Rim.preset
  artifactKey: Guid(7f5443d94e92f4f58a524258f06a509c) Importer(815301076,1909f56bfc062723c751e8b465ee728b)
Start importing Assets/Art/FlatKit/PresetsShared/Presets/SmoothRim02__StylSurf_None_Rim.preset using Guid(7f5443d94e92f4f58a524258f06a509c) Importer(815301076,1909f56bfc062723c751e8b465ee728b)  -> (artifact id: '0cddd0d8a12c6b10fdea5bfe632d9709') in 0.013545 seconds 
  Import took 0.019489 seconds .

========================================================================
Received Import Request.
  Time since last request: 0.000216 seconds.
  path: Assets/Art/FlatKit/PresetsShared/Presets/CelWithRim01__StylSurf_Single_ExCel_Spec_Rim.preset
  artifactKey: Guid(88ef9f7d83fe1461ea18c9dccc623a7e) Importer(815301076,1909f56bfc062723c751e8b465ee728b)
Start importing Assets/Art/FlatKit/PresetsShared/Presets/CelWithRim01__StylSurf_Single_ExCel_Spec_Rim.preset using Guid(88ef9f7d83fe1461ea18c9dccc623a7e) Importer(815301076,1909f56bfc062723c751e8b465ee728b)  -> (artifact id: '2f4feeed71e682ba73db4026bc5bfe3a') in 0.010358 seconds 
  Import took 0.016532 seconds .

========================================================================
Received Import Request.
  Time since last request: 0.000164 seconds.
  path: Assets/Art/Dark_Fantasy/Assets/Textures_Grp/Textures/Bell_Tower_Roof_Octo_LowRes_phong3_MetallicSmoothness.png
  artifactKey: Guid(26e3baae90a46d34fba94a17e466b49e) Importer(815301076,1909f56bfc062723c751e8b465ee728b)
Start importing Assets/Art/Dark_Fantasy/Assets/Textures_Grp/Textures/Bell_Tower_Roof_Octo_LowRes_phong3_MetallicSmoothness.png using Guid(26e3baae90a46d34fba94a17e466b49e) Importer(815301076,1909f56bfc062723c751e8b465ee728b)  -> (artifact id: 'f73f98932c0ddb77a19fd7c97dcb4e04') in 0.017974 seconds 
  Import took 0.024756 seconds .

========================================================================
Received Import Request.
  Time since last request: 0.000187 seconds.
  path: Assets/Art/Protofactor/Sci Fi/Sci Fi Characters Mega Pack Vol 2/Sci Fi Creatures Vol 2/Arack/FBX Files/Arack@Death.fbx
  artifactKey: Guid(a0a0d3bacc694be45866bb1aa3969b9b) Importer(815301076,1909f56bfc062723c751e8b465ee728b)
Start importing Assets/Art/Protofactor/Sci Fi/Sci Fi Characters Mega Pack Vol 2/Sci Fi Creatures Vol 2/Arack/FBX Files/Arack@Death.fbx using Guid(a0a0d3bacc694be45866bb1aa3969b9b) Importer(815301076,1909f56bfc062723c751e8b465ee728b)  -> (artifact id: '7174f2e3b9efe8a8d9e9016a7f1303fa') in 0.016689 seconds 
  Import took 0.023466 seconds .

========================================================================
Received Import Request.
  Time since last request: 0.000139 seconds.
  path: Assets/Art/Dark_Fantasy/Assets/Textures_Grp/Textures/Beams_LowRes_phong1_MetallicSmoothness.png
  artifactKey: Guid(e18fe5064e901e2448fdef92b128b07a) Importer(815301076,1909f56bfc062723c751e8b465ee728b)
Start importing Assets/Art/Dark_Fantasy/Assets/Textures_Grp/Textures/Beams_LowRes_phong1_MetallicSmoothness.png using Guid(e18fe5064e901e2448fdef92b128b07a) Importer(815301076,1909f56bfc062723c751e8b465ee728b)  -> (artifact id: '01dfd170d7a0ad89b35ead4a7dab468a') in 0.023310 seconds 
  Import took 0.029515 seconds .

========================================================================
Received Import Request.
  Time since last request: 0.000154 seconds.
  path: Assets/Art/Dark_Fantasy/Assets/Textures_Grp/Textures/Bag_LowRes_phong1_MetallicSmoothness.png
  artifactKey: Guid(15534483ce4e10344acbfd6cad0627a2) Importer(815301076,1909f56bfc062723c751e8b465ee728b)
Start importing Assets/Art/Dark_Fantasy/Assets/Textures_Grp/Textures/Bag_LowRes_phong1_MetallicSmoothness.png using Guid(15534483ce4e10344acbfd6cad0627a2) Importer(815301076,1909f56bfc062723c751e8b465ee728b)  -> (artifact id: 'a7096dc888d435af0cfda68ac568c8d1') in 0.018654 seconds 
  Import took 0.024860 seconds .

========================================================================
Received Import Request.
  Time since last request: 0.000148 seconds.
  path: Assets/Art/Dark_Fantasy/Assets/Textures_Grp/Textures/BR_Orn_05_LowRes_phong1_MetallicSmoothness.png
  artifactKey: Guid(c81009db08af1174ca0314498cb8fffb) Importer(815301076,1909f56bfc062723c751e8b465ee728b)
Start importing Assets/Art/Dark_Fantasy/Assets/Textures_Grp/Textures/BR_Orn_05_LowRes_phong1_MetallicSmoothness.png using Guid(c81009db08af1174ca0314498cb8fffb) Importer(815301076,1909f56bfc062723c751e8b465ee728b)  -> (artifact id: 'f48631f8f3a838d4cfc189fb3d0919bf') in 0.017429 seconds 
  Import took 0.023607 seconds .

========================================================================
Received Import Request.
  Time since last request: 0.000176 seconds.
  path: Assets/Art/Dark_Fantasy/Assets/Textures_Grp/Textures/Boards_Small_LowRes_Color_011_C_MetallicSmoothness.png
  artifactKey: Guid(eda0fee512731744f8bfdc7d46936daf) Importer(815301076,1909f56bfc062723c751e8b465ee728b)
Start importing Assets/Art/Dark_Fantasy/Assets/Textures_Grp/Textures/Boards_Small_LowRes_Color_011_C_MetallicSmoothness.png using Guid(eda0fee512731744f8bfdc7d46936daf) Importer(815301076,1909f56bfc062723c751e8b465ee728b)  -> (artifact id: '57b0222caf637dd9426f56e9d0ab4fa2') in 0.014887 seconds 
  Import took 0.020682 seconds .

========================================================================
Received Import Request.
  Time since last request: 0.000176 seconds.
  path: Assets/Art/Dark_Fantasy/Assets/Textures_Grp/Textures/Altar_LowRes_phong1_MetallicSmoothness.png
  artifactKey: Guid(0de31c8bf644ff645bd69a567b7a9c51) Importer(815301076,1909f56bfc062723c751e8b465ee728b)
Start importing Assets/Art/Dark_Fantasy/Assets/Textures_Grp/Textures/Altar_LowRes_phong1_MetallicSmoothness.png using Guid(0de31c8bf644ff645bd69a567b7a9c51) Importer(815301076,1909f56bfc062723c751e8b465ee728b)  -> (artifact id: 'cc6f676f024d66c24f953f184b437937') in 0.017442 seconds 
  Import took 0.023308 seconds .

========================================================================
Received Import Request.
  Time since last request: 0.000187 seconds.
  path: Assets/Art/Sci Fi Armchair/Textures/Armchair/Armchair MetallicSmoothness.png
  artifactKey: Guid(f372134e5882bf544a69a9c08dec6842) Importer(815301076,1909f56bfc062723c751e8b465ee728b)
Start importing Assets/Art/Sci Fi Armchair/Textures/Armchair/Armchair MetallicSmoothness.png using Guid(f372134e5882bf544a69a9c08dec6842) Importer(815301076,1909f56bfc062723c751e8b465ee728b)  -> (artifact id: '91c92a95bd83626ee2aecb66470008c1') in 0.010162 seconds 
  Import took 0.016289 seconds .

========================================================================
Received Import Request.
  Time since last request: 0.000201 seconds.
  path: Assets/ParticleEffects/Epic Toon FX/Prefabs/Combat/Flamethrower/Cartoon/FlamethrowerCartoonyFire.prefab
  artifactKey: Guid(7c1b627e705f998448adac9689c44505) Importer(815301076,1909f56bfc062723c751e8b465ee728b)
Start importing Assets/ParticleEffects/Epic Toon FX/Prefabs/Combat/Flamethrower/Cartoon/FlamethrowerCartoonyFire.prefab using Guid(7c1b627e705f998448adac9689c44505) Importer(815301076,1909f56bfc062723c751e8b465ee728b)  -> (artifact id: 'cd4f0e5ab77e305daf61e1532156d8fc') in 0.014459 seconds 
  Import took 0.021391 seconds .

========================================================================
Received Import Request.
  Time since last request: 0.000194 seconds.
  path: Assets/ParticleEffects/Epic Toon FX/Prefabs/Combat/Flamethrower/Spiky/FlamethrowerSpikyRed.prefab
  artifactKey: Guid(0d9f25f0bd58c9144a4abeef1afcc788) Importer(815301076,1909f56bfc062723c751e8b465ee728b)
Start importing Assets/ParticleEffects/Epic Toon FX/Prefabs/Combat/Flamethrower/Spiky/FlamethrowerSpikyRed.prefab using Guid(0d9f25f0bd58c9144a4abeef1afcc788) Importer(815301076,1909f56bfc062723c751e8b465ee728b)  -> (artifact id: '552649355f85ecdd468f1da2578e3587') in 0.014324 seconds 
  Import took 0.020505 seconds .

========================================================================
Received Import Request.
  Time since last request: 0.000194 seconds.
  path: Assets/Art/Dark_Fantasy/Assets/Textures_Grp/Textures/Bell_Tower_Roof_LowRes_phong3_MetallicSmoothness.png
  artifactKey: Guid(46f1a426b7bc61243a0787b3ba66bacd) Importer(815301076,1909f56bfc062723c751e8b465ee728b)
Start importing Assets/Art/Dark_Fantasy/Assets/Textures_Grp/Textures/Bell_Tower_Roof_LowRes_phong3_MetallicSmoothness.png using Guid(46f1a426b7bc61243a0787b3ba66bacd) Importer(815301076,1909f56bfc062723c751e8b465ee728b)  -> (artifact id: '0b5465352fcf4d56325a47d1c4d8cc52') in 0.016978 seconds 
  Import took 0.022743 seconds .

========================================================================
Received Import Request.
  Time since last request: 0.000190 seconds.
  path: Assets/Art/Dark_Fantasy/Assets/Textures_Grp/Textures/Barrel_LowRes_Color_05_MetallicSmoothness.png
  artifactKey: Guid(532080dfd3e5d0e4bb0341d2cd658291) Importer(815301076,1909f56bfc062723c751e8b465ee728b)
Start importing Assets/Art/Dark_Fantasy/Assets/Textures_Grp/Textures/Barrel_LowRes_Color_05_MetallicSmoothness.png using Guid(532080dfd3e5d0e4bb0341d2cd658291) Importer(815301076,1909f56bfc062723c751e8b465ee728b)  -> (artifact id: '28c7137adffefcfd56b4b430ffbc8562') in 0.017688 seconds 
  Import took 0.024448 seconds .

========================================================================
Received Import Request.
  Time since last request: 0.000131 seconds.
  path: Assets/ParticleEffects/SineVFX/TopDownEffects/Resources/Meshes/Regular/Materials/BowMat_MetallicSmoothness.png
  artifactKey: Guid(986f06b7e50a9544f871c73c435282bd) Importer(815301076,1909f56bfc062723c751e8b465ee728b)
Start importing Assets/ParticleEffects/SineVFX/TopDownEffects/Resources/Meshes/Regular/Materials/BowMat_MetallicSmoothness.png using Guid(986f06b7e50a9544f871c73c435282bd) Importer(815301076,1909f56bfc062723c751e8b465ee728b)  -> (artifact id: 'a58a8dd63dc1c884bcb06b17aed5c5d2') in 0.015271 seconds 
  Import took 0.021135 seconds .

========================================================================
Received Import Request.
  Time since last request: 0.000188 seconds.
  path: Assets/Art/Dark_Fantasy/Assets/Textures_Grp/Textures/Barrel_LowRes_phong1_MetallicSmoothness.png
  artifactKey: Guid(a96c5e482872afb4c8aa68d9ef6ab0b3) Importer(815301076,1909f56bfc062723c751e8b465ee728b)
Start importing Assets/Art/Dark_Fantasy/Assets/Textures_Grp/Textures/Barrel_LowRes_phong1_MetallicSmoothness.png using Guid(a96c5e482872afb4c8aa68d9ef6ab0b3) Importer(815301076,1909f56bfc062723c751e8b465ee728b)  -> (artifact id: 'de08c7dce8477aa568e779724cc23b6c') in 0.017995 seconds 
  Import took 0.025704 seconds .

========================================================================
Received Import Request.
  Time since last request: 0.000188 seconds.
  path: Assets/ParticleEffects/Epic Toon FX/Prefabs/Combat/Flamethrower/Spiky/FlamethrowerSpikyYellow.prefab
  artifactKey: Guid(dfe0cf0e0df4ee94492935652d7772ac) Importer(815301076,1909f56bfc062723c751e8b465ee728b)
Start importing Assets/ParticleEffects/Epic Toon FX/Prefabs/Combat/Flamethrower/Spiky/FlamethrowerSpikyYellow.prefab using Guid(dfe0cf0e0df4ee94492935652d7772ac) Importer(815301076,1909f56bfc062723c751e8b465ee728b)  -> (artifact id: 'a8496ac4f6765c29a78701e99ddcb26b') in 0.014965 seconds 
  Import took 0.022100 seconds .

========================================================================
Received Import Request.
  Time since last request: 0.000152 seconds.
  path: Assets/Art/Dark_Fantasy/Assets/Textures_Grp/Textures/Candle_LowRes_phong1_MetallicSmoothness.png
  artifactKey: Guid(d930aeb4930fa08449bbfa42ed4a03d8) Importer(815301076,1909f56bfc062723c751e8b465ee728b)
Start importing Assets/Art/Dark_Fantasy/Assets/Textures_Grp/Textures/Candle_LowRes_phong1_MetallicSmoothness.png using Guid(d930aeb4930fa08449bbfa42ed4a03d8) Importer(815301076,1909f56bfc062723c751e8b465ee728b)  -> (artifact id: 'c8c16189bb0a612e341612f0a41e43bc') in 0.014935 seconds 
  Import took 0.020788 seconds .

========================================================================
Received Import Request.
  Time since last request: 0.000244 seconds.
  path: Assets/Art/Protofactor/Sci Fi/Sci Fi Characters Mega Pack Vol 2/Sci Fi Creatures Vol 2/Ursacetus/FBX Files/Ursacetus@ThrowRock.fbx
  artifactKey: Guid(da7d10d9e96676a4c8503db9fb7f27dd) Importer(815301076,1909f56bfc062723c751e8b465ee728b)
Start importing Assets/Art/Protofactor/Sci Fi/Sci Fi Characters Mega Pack Vol 2/Sci Fi Creatures Vol 2/Ursacetus/FBX Files/Ursacetus@ThrowRock.fbx using Guid(da7d10d9e96676a4c8503db9fb7f27dd) Importer(815301076,1909f56bfc062723c751e8b465ee728b)  -> (artifact id: 'fa3ff1b0e1b4e7e0740f1d43fb288b9c') in 0.023706 seconds 
  Import took 0.030177 seconds .

========================================================================
Received Import Request.
  Time since last request: 0.000186 seconds.
  path: Assets/Art/Dark_Fantasy/Assets/Textures_Grp/Textures/Candlestick_LowRes_phong1_MetallicSmoothness.png
  artifactKey: Guid(47fa94e2e4138f64db7a8f5d1c8ab864) Importer(815301076,1909f56bfc062723c751e8b465ee728b)
Start importing Assets/Art/Dark_Fantasy/Assets/Textures_Grp/Textures/Candlestick_LowRes_phong1_MetallicSmoothness.png using Guid(47fa94e2e4138f64db7a8f5d1c8ab864) Importer(815301076,1909f56bfc062723c751e8b465ee728b)  -> (artifact id: '44c5536d36f8f4148bfb80ff23e7b237') in 0.015164 seconds 
  Import took 0.020746 seconds .

========================================================================
Received Import Request.
  Time since last request: 0.000211 seconds.
  path: Assets/ParticleEffects/SineVFX/TopDownEffects/Resources/Meshes/Regular/Materials/ArrowMat_MetallicSmoothness.png
  artifactKey: Guid(79cae8678f8098c4993922ae26c1d168) Importer(815301076,1909f56bfc062723c751e8b465ee728b)
Start importing Assets/ParticleEffects/SineVFX/TopDownEffects/Resources/Meshes/Regular/Materials/ArrowMat_MetallicSmoothness.png using Guid(79cae8678f8098c4993922ae26c1d168) Importer(815301076,1909f56bfc062723c751e8b465ee728b)  -> (artifact id: 'be8cb26569f15051a8a34d618700f7e7') in 0.015762 seconds 
  Import took 0.022009 seconds .

========================================================================
Received Import Request.
  Time since last request: 0.000183 seconds.
  path: Assets/Art/Dark_Fantasy/Assets/Textures_Grp/Textures/Board_Large_LowRes_phong1_MetallicSmoothness.png
  artifactKey: Guid(e985695c10ca5d94a85bc80251ce88e0) Importer(815301076,1909f56bfc062723c751e8b465ee728b)
Start importing Assets/Art/Dark_Fantasy/Assets/Textures_Grp/Textures/Board_Large_LowRes_phong1_MetallicSmoothness.png using Guid(e985695c10ca5d94a85bc80251ce88e0) Importer(815301076,1909f56bfc062723c751e8b465ee728b)  -> (artifact id: 'ba251371c9b0b762fadf76ed93e0ebd0') in 0.019625 seconds 
  Import took 0.025422 seconds .

========================================================================
Received Import Request.
  Time since last request: 0.000118 seconds.
  path: Assets/ParticleEffects/Epic Toon FX/Prefabs/Combat/Flamethrower/Cartoon/FlamethrowerCartoonyGreen.prefab
  artifactKey: Guid(efbd9c58ba892da4ca3fa50dcfcd894d) Importer(815301076,1909f56bfc062723c751e8b465ee728b)
Start importing Assets/ParticleEffects/Epic Toon FX/Prefabs/Combat/Flamethrower/Cartoon/FlamethrowerCartoonyGreen.prefab using Guid(efbd9c58ba892da4ca3fa50dcfcd894d) Importer(815301076,1909f56bfc062723c751e8b465ee728b)  -> (artifact id: 'ffc0a3268fe8302c993a8d1e48bc4cb5') in 0.014631 seconds 
  Import took 0.021630 seconds .

========================================================================
Received Import Request.
  Time since last request: 0.000150 seconds.
  path: Assets/ParticleEffects/Epic Toon FX/Prefabs/Combat/Flamethrower/Soft/Additive/FlamethrowerAdditivePurple.prefab
  artifactKey: Guid(1e14e551300320e4f97cc9c992b4af22) Importer(815301076,1909f56bfc062723c751e8b465ee728b)
Start importing Assets/ParticleEffects/Epic Toon FX/Prefabs/Combat/Flamethrower/Soft/Additive/FlamethrowerAdditivePurple.prefab using Guid(1e14e551300320e4f97cc9c992b4af22) Importer(815301076,1909f56bfc062723c751e8b465ee728b)  -> (artifact id: '8134aca1127bf81da02ae0a017127507') in 0.014350 seconds 
  Import took 0.021419 seconds .

========================================================================
Received Import Request.
  Time since last request: 0.000138 seconds.
  path: Assets/ParticleEffects/Epic Toon FX/Prefabs/Combat/Flamethrower/Spiky/FlamethrowerSpikyGreen.prefab
  artifactKey: Guid(4393ddc3cd5a82740aa0a8ade8573e7f) Importer(815301076,1909f56bfc062723c751e8b465ee728b)
Start importing Assets/ParticleEffects/Epic Toon FX/Prefabs/Combat/Flamethrower/Spiky/FlamethrowerSpikyGreen.prefab using Guid(4393ddc3cd5a82740aa0a8ade8573e7f) Importer(815301076,1909f56bfc062723c751e8b465ee728b)  -> (artifact id: 'a2844a59a2bba1b7dd08b7e636918ede') in 0.014106 seconds 
  Import took 0.020620 seconds .

========================================================================
Received Import Request.
  Time since last request: 0.000236 seconds.
  path: Assets/Art/Dark_Fantasy/Assets/Textures_Grp/Textures/Battlements_LowRes_v2_Color_067_MetallicSmoothness.png
  artifactKey: Guid(e9bb59feecd8ae74c9172b9fe9eccd8f) Importer(815301076,1909f56bfc062723c751e8b465ee728b)
Start importing Assets/Art/Dark_Fantasy/Assets/Textures_Grp/Textures/Battlements_LowRes_v2_Color_067_MetallicSmoothness.png using Guid(e9bb59feecd8ae74c9172b9fe9eccd8f) Importer(815301076,1909f56bfc062723c751e8b465ee728b)  -> (artifact id: '88779beb0cb1ba3cc7ac8a6df9b6732e') in 0.016633 seconds 
  Import took 0.022749 seconds .

========================================================================
Received Import Request.
  Time since last request: 0.000194 seconds.
  path: Assets/Art/FlatKit/PresetsShared/Materials/SmoothRim02__StylSurf_None_Rim.mat
  artifactKey: Guid(f2d81d08d32994061b705c071b2fa0e4) Importer(815301076,1909f56bfc062723c751e8b465ee728b)
Start importing Assets/Art/FlatKit/PresetsShared/Materials/SmoothRim02__StylSurf_None_Rim.mat using Guid(f2d81d08d32994061b705c071b2fa0e4) Importer(815301076,1909f56bfc062723c751e8b465ee728b)  -> (artifact id: '7dbf0804e296287281b51c5a3998f43c') in 0.011597 seconds 
  Import took 0.018093 seconds .

========================================================================
Received Import Request.
  Time since last request: 0.000155 seconds.
  path: Assets/Art/Dark_Fantasy/Assets/Textures_Grp/Textures/Arc_LowRes_Color_017_MetallicSmoothness.png
  artifactKey: Guid(5758872d964d5684d9b07f6c9a618a22) Importer(815301076,1909f56bfc062723c751e8b465ee728b)
Start importing Assets/Art/Dark_Fantasy/Assets/Textures_Grp/Textures/Arc_LowRes_Color_017_MetallicSmoothness.png using Guid(5758872d964d5684d9b07f6c9a618a22) Importer(815301076,1909f56bfc062723c751e8b465ee728b)  -> (artifact id: 'da8efa1d6834cdba409b85402ea08c1b') in 0.018239 seconds 
  Import took 0.024162 seconds .

========================================================================
Received Import Request.
  Time since last request: 0.000153 seconds.
  path: Assets/Art/Dark_Fantasy/Assets/Textures_Grp/Textures/Bas_Relief_01_LowRes_Color_023B_MetallicSmoothness.png
  artifactKey: Guid(45502b23d8ab4f84197674e2080b127e) Importer(815301076,1909f56bfc062723c751e8b465ee728b)
Start importing Assets/Art/Dark_Fantasy/Assets/Textures_Grp/Textures/Bas_Relief_01_LowRes_Color_023B_MetallicSmoothness.png using Guid(45502b23d8ab4f84197674e2080b127e) Importer(815301076,1909f56bfc062723c751e8b465ee728b)  -> (artifact id: '494563103526dbe4376bccb499617e55') in 0.017120 seconds 
  Import took 0.023298 seconds .

========================================================================
Received Import Request.
  Time since last request: 0.000207 seconds.
  path: Assets/Art/FlatKit/PresetsShared/Materials/CelWithRim02__StylSurf_Single_ExCel_Spec_Rim.mat
  artifactKey: Guid(727cfaf3482ac48ff97b662624abc435) Importer(815301076,1909f56bfc062723c751e8b465ee728b)
Start importing Assets/Art/FlatKit/PresetsShared/Materials/CelWithRim02__StylSurf_Single_ExCel_Spec_Rim.mat using Guid(727cfaf3482ac48ff97b662624abc435) Importer(815301076,1909f56bfc062723c751e8b465ee728b)  -> (artifact id: '1515ff02bed4a222a417a97ec1183991') in 0.011634 seconds 
  Import took 0.018083 seconds .

========================================================================
Received Import Request.
  Time since last request: 1.613901 seconds.
  path: Assets/Scripts/PlayerScripts/ThirdPerson_PlayerControler.cs
  artifactKey: Guid(eeb67e2426610bf4d82cafa8ac28bc27) Importer(815301076,1909f56bfc062723c751e8b465ee728b)
Start importing Assets/Scripts/PlayerScripts/ThirdPerson_PlayerControler.cs using Guid(eeb67e2426610bf4d82cafa8ac28bc27) Importer(815301076,1909f56bfc062723c751e8b465ee728b)  -> (artifact id: '817a5469c11a849ea7eb20340a3b572d') in 0.002413 seconds 
  Import took 0.008878 seconds .

========================================================================
Received Import Request.
  Time since last request: 0.000933 seconds.
  path: Assets/Scripts/PlayerScripts/ThirdPerson_PlayerControler.cs
  artifactKey: Guid(eeb67e2426610bf4d82cafa8ac28bc27) Importer(815301076,1909f56bfc062723c751e8b465ee728b)
Start importing Assets/Scripts/PlayerScripts/ThirdPerson_PlayerControler.cs using Guid(eeb67e2426610bf4d82cafa8ac28bc27) Importer(815301076,1909f56bfc062723c751e8b465ee728b)  -> (artifact id: '817a5469c11a849ea7eb20340a3b572d') in 0.001963 seconds 
  Import took 0.007716 seconds .

AssetImportWorkerClient::OnTransportError - code=2 error=End of file
